[0.089s] Invoking command in '/SAUVC2024-RPI/microros_ws/build/builtin_interfaces': CMAKE_PREFIX_PATH=${CMAKE_PREFIX_PATH}:/opt/ros/humble /usr/bin/cmake /SAUVC2024-RPI/microros_ws/src/ros2/rcl_interfaces/builtin_interfaces -DUAGENT_BUILD_EXECUTABLE=OFF -DUAGENT_P2P_PROFILE=OFF --no-warn-unused-cli -DCMAKE_INSTALL_PREFIX=/SAUVC2024-RPI/microros_ws/install/builtin_interfaces
[0.136s] Not searching for unused variables given on the command line.
[0.542s] -- The C compiler identification is GNU 11.4.0
[0.810s] -- The CXX compiler identification is GNU 11.4.0
[0.824s] -- Detecting C compiler ABI info
[0.981s] -- Detecting C compiler ABI info - done
[0.999s] -- Check for working C compiler: /usr/bin/cc - skipped
[0.999s] -- Detecting C compile features
[1.001s] -- Detecting C compile features - done
[1.007s] -- Detecting CXX compiler ABI info
[1.152s] -- Detecting CXX compiler ABI info - done
[1.172s] -- Check for working CXX compiler: /usr/bin/c++ - skipped
[1.173s] -- Detecting CXX compile features
[1.174s] -- Detecting CXX compile features - done
[1.201s] -- Found ament_cmake: 1.3.10 (/opt/ros/humble/share/ament_cmake/cmake)
[1.485s] -- Found Python3: /usr/bin/python3 (found version "3.10.12") found components: Interpreter 
[1.699s] -- Found rosidl_default_generators: 1.2.0 (/opt/ros/humble/share/rosidl_default_generators/cmake)
[1.719s] -- Using all available rosidl_typesupport_c: rosidl_typesupport_fastrtps_c;rosidl_typesupport_introspection_c
[1.747s] -- Found rosidl_adapter: 3.1.5 (/opt/ros/humble/share/rosidl_adapter/cmake)
[1.918s] -- Using all available rosidl_typesupport_cpp: rosidl_typesupport_fastrtps_cpp;rosidl_typesupport_introspection_cpp
[2.488s] -- Found ament_cmake_cppcheck: 0.12.11 (/opt/ros/humble/share/ament_cmake_cppcheck/cmake)
[2.492s] -- Found ament_cmake_cpplint: 0.12.11 (/opt/ros/humble/share/ament_cmake_cpplint/cmake)
[2.496s] -- Found ament_cmake_uncrustify: 0.12.11 (/opt/ros/humble/share/ament_cmake_uncrustify/cmake)
[2.502s] -- Found ament_cmake_ros: 0.10.0 (/opt/ros/humble/share/ament_cmake_ros/cmake)
[2.813s] -- Using all available rosidl_typesupport_c: rosidl_typesupport_fastrtps_c;rosidl_typesupport_introspection_c
[3.192s] -- Using all available rosidl_typesupport_cpp: rosidl_typesupport_fastrtps_cpp;rosidl_typesupport_introspection_cpp
[3.244s] -- Found PythonInterp: /usr/bin/python3 (found suitable version "3.10.12", minimum required is "3.6") 
[3.247s] -- Found python_cmake_module: 0.10.0 (/opt/ros/humble/share/python_cmake_module/cmake)
[3.318s] -- Found PythonLibs: /usr/lib/x86_64-linux-gnu/libpython3.10.so (found suitable version "3.10.12", minimum required is "3.5") 
[3.319s] -- Using PYTHON_EXECUTABLE: /usr/bin/python3
[3.320s] -- Using PYTHON_INCLUDE_DIRS: /usr/include/python3.10
[3.320s] -- Using PYTHON_LIBRARIES: /usr/lib/x86_64-linux-gnu/libpython3.10.so
[3.348s] -- Found PythonExtra: .so  
[3.407s] -- Found ament_cmake_flake8: 0.12.11 (/opt/ros/humble/share/ament_cmake_flake8/cmake)
[3.410s] -- Found ament_cmake_pep257: 0.12.11 (/opt/ros/humble/share/ament_cmake_pep257/cmake)
[3.438s] -- Configuring done
[3.590s] -- Generating done
[3.606s] -- Build files have been written to: /SAUVC2024-RPI/microros_ws/build/builtin_interfaces
[3.611s] Invoked command in '/SAUVC2024-RPI/microros_ws/build/builtin_interfaces' returned '0': CMAKE_PREFIX_PATH=${CMAKE_PREFIX_PATH}:/opt/ros/humble /usr/bin/cmake /SAUVC2024-RPI/microros_ws/src/ros2/rcl_interfaces/builtin_interfaces -DUAGENT_BUILD_EXECUTABLE=OFF -DUAGENT_P2P_PROFILE=OFF --no-warn-unused-cli -DCMAKE_INSTALL_PREFIX=/SAUVC2024-RPI/microros_ws/install/builtin_interfaces
[3.617s] Invoking command in '/SAUVC2024-RPI/microros_ws/build/builtin_interfaces': CMAKE_PREFIX_PATH=${CMAKE_PREFIX_PATH}:/opt/ros/humble /usr/bin/cmake --build /SAUVC2024-RPI/microros_ws/build/builtin_interfaces -- -j4 -l4
[3.711s] [  2%] [34m[1mGenerating C code for ROS interfaces[0m
[3.746s] [  5%] [34m[1mGenerating C++ code for ROS interfaces[0m
[3.794s] [  5%] Built target ament_cmake_python_copy_builtin_interfaces
[4.594s] running egg_info
[4.595s] creating builtin_interfaces.egg-info
[4.596s] writing builtin_interfaces.egg-info/PKG-INFO
[4.596s] writing dependency_links to builtin_interfaces.egg-info/dependency_links.txt
[4.597s] writing top-level names to builtin_interfaces.egg-info/top_level.txt
[4.599s] writing manifest file 'builtin_interfaces.egg-info/SOURCES.txt'
[4.608s] reading manifest file 'builtin_interfaces.egg-info/SOURCES.txt'
[4.609s] writing manifest file 'builtin_interfaces.egg-info/SOURCES.txt'
[4.722s] [  5%] Built target ament_cmake_python_build_builtin_interfaces_egg
[5.418s] [  7%] [32mBuilding C object CMakeFiles/builtin_interfaces__rosidl_generator_c.dir/rosidl_generator_c/builtin_interfaces/msg/detail/duration__functions.c.o[0m
[5.433s] [ 10%] [32mBuilding C object CMakeFiles/builtin_interfaces__rosidl_generator_c.dir/rosidl_generator_c/builtin_interfaces/msg/detail/time__functions.c.o[0m
[5.761s] [ 10%] Built target builtin_interfaces__cpp
[5.807s] [ 12%] [34m[1mGenerating C++ type support for eProsima Fast-RTPS[0m
[5.839s] [ 15%] [34m[1mGenerating C++ type support dispatch for ROS interfaces[0m
[5.916s] [ 17%] [32m[1mLinking C shared library libbuiltin_interfaces__rosidl_generator_c.so[0m
[5.920s] [ 20%] [34m[1mGenerating C++ introspection for ROS interfaces[0m
[6.116s] [ 20%] Built target builtin_interfaces__rosidl_generator_c
[6.165s] [ 23%] [34m[1mGenerating C type support for eProsima Fast-RTPS[0m
[8.046s] [ 25%] [32mBuilding CXX object CMakeFiles/builtin_interfaces__rosidl_typesupport_cpp.dir/rosidl_typesupport_cpp/builtin_interfaces/msg/duration__type_support.cpp.o[0m
[8.127s] [ 28%] [32mBuilding CXX object CMakeFiles/builtin_interfaces__rosidl_typesupport_fastrtps_c.dir/rosidl_typesupport_fastrtps_c/builtin_interfaces/msg/detail/duration__type_support_c.cpp.o[0m
[8.412s] [ 30%] [32mBuilding CXX object CMakeFiles/builtin_interfaces__rosidl_typesupport_fastrtps_cpp.dir/rosidl_typesupport_fastrtps_cpp/builtin_interfaces/msg/detail/dds_fastrtps/duration__type_support.cpp.o[0m
[8.928s] [ 33%] [32mBuilding CXX object CMakeFiles/builtin_interfaces__rosidl_typesupport_introspection_cpp.dir/rosidl_typesupport_introspection_cpp/builtin_interfaces/msg/detail/duration__type_support.cpp.o[0m
[9.565s] [ 35%] [32mBuilding CXX object CMakeFiles/builtin_interfaces__rosidl_typesupport_cpp.dir/rosidl_typesupport_cpp/builtin_interfaces/msg/time__type_support.cpp.o[0m
[10.755s] [ 38%] [32mBuilding CXX object CMakeFiles/builtin_interfaces__rosidl_typesupport_fastrtps_c.dir/rosidl_typesupport_fastrtps_c/builtin_interfaces/msg/detail/time__type_support_c.cpp.o[0m
[10.943s] [ 41%] [32mBuilding CXX object CMakeFiles/builtin_interfaces__rosidl_typesupport_introspection_cpp.dir/rosidl_typesupport_introspection_cpp/builtin_interfaces/msg/detail/time__type_support.cpp.o[0m
[11.055s] [ 43%] [32mBuilding CXX object CMakeFiles/builtin_interfaces__rosidl_typesupport_fastrtps_cpp.dir/rosidl_typesupport_fastrtps_cpp/builtin_interfaces/msg/detail/dds_fastrtps/time__type_support.cpp.o[0m
[11.214s] [ 46%] [32m[1mLinking CXX shared library libbuiltin_interfaces__rosidl_typesupport_cpp.so[0m
[11.513s] [ 46%] Built target builtin_interfaces__rosidl_typesupport_cpp
[11.570s] [ 48%] [34m[1mGenerating C introspection for ROS interfaces[0m
[12.517s] [ 51%] [32m[1mLinking CXX shared library libbuiltin_interfaces__rosidl_typesupport_fastrtps_c.so[0m
[13.056s] [ 51%] Built target builtin_interfaces__rosidl_typesupport_fastrtps_c
[13.107s] [ 53%] [34m[1mGenerating C type support dispatch for ROS interfaces[0m
[13.432s] [ 56%] [32m[1mLinking CXX shared library libbuiltin_interfaces__rosidl_typesupport_fastrtps_cpp.so[0m
[13.681s] [ 58%] [32m[1mLinking CXX shared library libbuiltin_interfaces__rosidl_typesupport_introspection_cpp.so[0m
[13.865s] [ 58%] Built target builtin_interfaces__rosidl_typesupport_fastrtps_cpp
[13.927s] [ 58%] Built target builtin_interfaces__rosidl_typesupport_introspection_cpp
[13.967s] [ 61%] [32mBuilding C object CMakeFiles/builtin_interfaces__rosidl_typesupport_introspection_c.dir/rosidl_typesupport_introspection_c/builtin_interfaces/msg/detail/duration__type_support.c.o[0m
[13.992s] [ 64%] [32mBuilding C object CMakeFiles/builtin_interfaces__rosidl_typesupport_introspection_c.dir/rosidl_typesupport_introspection_c/builtin_interfaces/msg/detail/time__type_support.c.o[0m
[14.195s] [ 66%] [32m[1mLinking C shared library libbuiltin_interfaces__rosidl_typesupport_introspection_c.so[0m
[14.324s] [ 66%] Built target builtin_interfaces__rosidl_typesupport_introspection_c
[14.810s] [ 69%] [32mBuilding CXX object CMakeFiles/builtin_interfaces__rosidl_typesupport_c.dir/rosidl_typesupport_c/builtin_interfaces/msg/duration__type_support.cpp.o[0m
[14.811s] [ 71%] [32mBuilding CXX object CMakeFiles/builtin_interfaces__rosidl_typesupport_c.dir/rosidl_typesupport_c/builtin_interfaces/msg/time__type_support.cpp.o[0m
[14.962s] [ 74%] [32m[1mLinking CXX shared library libbuiltin_interfaces__rosidl_typesupport_c.so[0m
[15.165s] [ 74%] Built target builtin_interfaces__rosidl_typesupport_c
[15.242s] [ 74%] Built target builtin_interfaces
[15.355s] [ 76%] [34m[1mGenerating Python code for ROS interfaces[0m
[17.003s] [ 76%] Built target builtin_interfaces__py
[17.043s] [ 79%] [32mBuilding C object CMakeFiles/builtin_interfaces__rosidl_generator_py.dir/rosidl_generator_py/builtin_interfaces/msg/_time_s.c.o[0m
[17.044s] [ 82%] [32mBuilding C object CMakeFiles/builtin_interfaces__rosidl_generator_py.dir/rosidl_generator_py/builtin_interfaces/msg/_duration_s.c.o[0m
[17.322s] [ 84%] [32m[1mLinking C shared library rosidl_generator_py/builtin_interfaces/libbuiltin_interfaces__rosidl_generator_py.so[0m
[17.393s] [ 84%] Built target builtin_interfaces__rosidl_generator_py
[17.448s] [ 87%] [32mBuilding C object CMakeFiles/builtin_interfaces__rosidl_typesupport_introspection_c__pyext.dir/rosidl_generator_py/builtin_interfaces/_builtin_interfaces_s.ep.rosidl_typesupport_introspection_c.c.o[0m
[17.448s] [ 89%] [32mBuilding C object CMakeFiles/builtin_interfaces__rosidl_typesupport_fastrtps_c__pyext.dir/rosidl_generator_py/builtin_interfaces/_builtin_interfaces_s.ep.rosidl_typesupport_fastrtps_c.c.o[0m
[17.449s] [ 92%] [32mBuilding C object CMakeFiles/builtin_interfaces__rosidl_typesupport_c__pyext.dir/rosidl_generator_py/builtin_interfaces/_builtin_interfaces_s.ep.rosidl_typesupport_c.c.o[0m
[17.719s] [ 94%] [32m[1mLinking C shared library rosidl_generator_py/builtin_interfaces/builtin_interfaces_s__rosidl_typesupport_c.cpython-310-x86_64-linux-gnu.so[0m
[17.741s] [ 97%] [32m[1mLinking C shared library rosidl_generator_py/builtin_interfaces/builtin_interfaces_s__rosidl_typesupport_introspection_c.cpython-310-x86_64-linux-gnu.so[0m
[17.744s] [100%] [32m[1mLinking C shared library rosidl_generator_py/builtin_interfaces/builtin_interfaces_s__rosidl_typesupport_fastrtps_c.cpython-310-x86_64-linux-gnu.so[0m
[17.851s] [100%] Built target builtin_interfaces__rosidl_typesupport_fastrtps_c__pyext
[17.852s] [100%] Built target builtin_interfaces__rosidl_typesupport_c__pyext
[17.862s] [100%] Built target builtin_interfaces__rosidl_typesupport_introspection_c__pyext
[17.882s] Invoked command in '/SAUVC2024-RPI/microros_ws/build/builtin_interfaces' returned '0': CMAKE_PREFIX_PATH=${CMAKE_PREFIX_PATH}:/opt/ros/humble /usr/bin/cmake --build /SAUVC2024-RPI/microros_ws/build/builtin_interfaces -- -j4 -l4
[18.089s] Invoking command in '/SAUVC2024-RPI/microros_ws/build/builtin_interfaces': CMAKE_PREFIX_PATH=${CMAKE_PREFIX_PATH}:/opt/ros/humble /usr/bin/cmake --install /SAUVC2024-RPI/microros_ws/build/builtin_interfaces
[18.103s] -- Install configuration: ""
[18.104s] -- Installing: /SAUVC2024-RPI/microros_ws/install/builtin_interfaces/share/ament_index/resource_index/rosidl_interfaces/builtin_interfaces
[18.104s] -- Installing: /SAUVC2024-RPI/microros_ws/install/builtin_interfaces/include/builtin_interfaces/builtin_interfaces
[18.107s] -- Installing: /SAUVC2024-RPI/microros_ws/install/builtin_interfaces/include/builtin_interfaces/builtin_interfaces/msg
[18.108s] -- Installing: /SAUVC2024-RPI/microros_ws/install/builtin_interfaces/include/builtin_interfaces/builtin_interfaces/msg/time.h
[18.108s] -- Installing: /SAUVC2024-RPI/microros_ws/install/builtin_interfaces/include/builtin_interfaces/builtin_interfaces/msg/rosidl_generator_c__visibility_control.h
[18.109s] -- Installing: /SAUVC2024-RPI/microros_ws/install/builtin_interfaces/include/builtin_interfaces/builtin_interfaces/msg/detail
[18.109s] -- Installing: /SAUVC2024-RPI/microros_ws/install/builtin_interfaces/include/builtin_interfaces/builtin_interfaces/msg/detail/duration__type_support.h
[18.110s] -- Installing: /SAUVC2024-RPI/microros_ws/install/builtin_interfaces/include/builtin_interfaces/builtin_interfaces/msg/detail/time__struct.h
[18.110s] -- Installing: /SAUVC2024-RPI/microros_ws/install/builtin_interfaces/include/builtin_interfaces/builtin_interfaces/msg/detail/time__type_support.h
[18.111s] -- Installing: /SAUVC2024-RPI/microros_ws/install/builtin_interfaces/include/builtin_interfaces/builtin_interfaces/msg/detail/time__functions.h
[18.111s] -- Installing: /SAUVC2024-RPI/microros_ws/install/builtin_interfaces/include/builtin_interfaces/builtin_interfaces/msg/detail/duration__functions.h
[18.112s] -- Installing: /SAUVC2024-RPI/microros_ws/install/builtin_interfaces/include/builtin_interfaces/builtin_interfaces/msg/detail/duration__functions.c
[18.113s] -- Installing: /SAUVC2024-RPI/microros_ws/install/builtin_interfaces/include/builtin_interfaces/builtin_interfaces/msg/detail/time__functions.c
[18.114s] -- Installing: /SAUVC2024-RPI/microros_ws/install/builtin_interfaces/include/builtin_interfaces/builtin_interfaces/msg/detail/duration__struct.h
[18.114s] -- Installing: /SAUVC2024-RPI/microros_ws/install/builtin_interfaces/include/builtin_interfaces/builtin_interfaces/msg/duration.h
[18.115s] -- Installing: /SAUVC2024-RPI/microros_ws/install/builtin_interfaces/share/builtin_interfaces/environment/library_path.sh
[18.115s] -- Installing: /SAUVC2024-RPI/microros_ws/install/builtin_interfaces/share/builtin_interfaces/environment/library_path.dsv
[18.115s] -- Installing: /SAUVC2024-RPI/microros_ws/install/builtin_interfaces/lib/libbuiltin_interfaces__rosidl_generator_c.so
[18.116s] -- Set runtime path of "/SAUVC2024-RPI/microros_ws/install/builtin_interfaces/lib/libbuiltin_interfaces__rosidl_generator_c.so" to ""
[18.117s] -- Up-to-date: /SAUVC2024-RPI/microros_ws/install/builtin_interfaces/include/builtin_interfaces/builtin_interfaces
[18.117s] -- Up-to-date: /SAUVC2024-RPI/microros_ws/install/builtin_interfaces/include/builtin_interfaces/builtin_interfaces/msg
[18.118s] -- Installing: /SAUVC2024-RPI/microros_ws/install/builtin_interfaces/include/builtin_interfaces/builtin_interfaces/msg/rosidl_typesupport_fastrtps_c__visibility_control.h
[18.118s] -- Up-to-date: /SAUVC2024-RPI/microros_ws/install/builtin_interfaces/include/builtin_interfaces/builtin_interfaces/msg/detail
[18.119s] -- Installing: /SAUVC2024-RPI/microros_ws/install/builtin_interfaces/include/builtin_interfaces/builtin_interfaces/msg/detail/time__rosidl_typesupport_fastrtps_c.h
[18.119s] -- Installing: /SAUVC2024-RPI/microros_ws/install/builtin_interfaces/include/builtin_interfaces/builtin_interfaces/msg/detail/duration__rosidl_typesupport_fastrtps_c.h
[18.120s] -- Installing: /SAUVC2024-RPI/microros_ws/install/builtin_interfaces/lib/libbuiltin_interfaces__rosidl_typesupport_fastrtps_c.so
[18.120s] -- Set runtime path of "/SAUVC2024-RPI/microros_ws/install/builtin_interfaces/lib/libbuiltin_interfaces__rosidl_typesupport_fastrtps_c.so" to ""
[18.120s] -- Up-to-date: /SAUVC2024-RPI/microros_ws/install/builtin_interfaces/include/builtin_interfaces/builtin_interfaces
[18.121s] -- Up-to-date: /SAUVC2024-RPI/microros_ws/install/builtin_interfaces/include/builtin_interfaces/builtin_interfaces/msg
[18.121s] -- Installing: /SAUVC2024-RPI/microros_ws/install/builtin_interfaces/include/builtin_interfaces/builtin_interfaces/msg/rosidl_typesupport_introspection_c__visibility_control.h
[18.121s] -- Up-to-date: /SAUVC2024-RPI/microros_ws/install/builtin_interfaces/include/builtin_interfaces/builtin_interfaces/msg/detail
[18.122s] -- Installing: /SAUVC2024-RPI/microros_ws/install/builtin_interfaces/include/builtin_interfaces/builtin_interfaces/msg/detail/time__type_support.c
[18.123s] -- Installing: /SAUVC2024-RPI/microros_ws/install/builtin_interfaces/include/builtin_interfaces/builtin_interfaces/msg/detail/duration__rosidl_typesupport_introspection_c.h
[18.123s] -- Installing: /SAUVC2024-RPI/microros_ws/install/builtin_interfaces/include/builtin_interfaces/builtin_interfaces/msg/detail/duration__type_support.c
[18.123s] -- Installing: /SAUVC2024-RPI/microros_ws/install/builtin_interfaces/include/builtin_interfaces/builtin_interfaces/msg/detail/time__rosidl_typesupport_introspection_c.h
[18.124s] -- Installing: /SAUVC2024-RPI/microros_ws/install/builtin_interfaces/lib/libbuiltin_interfaces__rosidl_typesupport_introspection_c.so
[18.125s] -- Set runtime path of "/SAUVC2024-RPI/microros_ws/install/builtin_interfaces/lib/libbuiltin_interfaces__rosidl_typesupport_introspection_c.so" to ""
[18.125s] -- Installing: /SAUVC2024-RPI/microros_ws/install/builtin_interfaces/lib/libbuiltin_interfaces__rosidl_typesupport_c.so
[18.126s] -- Set runtime path of "/SAUVC2024-RPI/microros_ws/install/builtin_interfaces/lib/libbuiltin_interfaces__rosidl_typesupport_c.so" to ""
[18.127s] -- Up-to-date: /SAUVC2024-RPI/microros_ws/install/builtin_interfaces/include/builtin_interfaces/builtin_interfaces
[18.127s] -- Up-to-date: /SAUVC2024-RPI/microros_ws/install/builtin_interfaces/include/builtin_interfaces/builtin_interfaces/msg
[18.128s] -- Installing: /SAUVC2024-RPI/microros_ws/install/builtin_interfaces/include/builtin_interfaces/builtin_interfaces/msg/duration.hpp
[18.128s] -- Installing: /SAUVC2024-RPI/microros_ws/install/builtin_interfaces/include/builtin_interfaces/builtin_interfaces/msg/time.hpp
[18.129s] -- Up-to-date: /SAUVC2024-RPI/microros_ws/install/builtin_interfaces/include/builtin_interfaces/builtin_interfaces/msg/detail
[18.129s] -- Installing: /SAUVC2024-RPI/microros_ws/install/builtin_interfaces/include/builtin_interfaces/builtin_interfaces/msg/detail/time__struct.hpp
[18.129s] -- Installing: /SAUVC2024-RPI/microros_ws/install/builtin_interfaces/include/builtin_interfaces/builtin_interfaces/msg/detail/duration__struct.hpp
[18.130s] -- Installing: /SAUVC2024-RPI/microros_ws/install/builtin_interfaces/include/builtin_interfaces/builtin_interfaces/msg/detail/time__builder.hpp
[18.130s] -- Installing: /SAUVC2024-RPI/microros_ws/install/builtin_interfaces/include/builtin_interfaces/builtin_interfaces/msg/detail/time__traits.hpp
[18.133s] -- Installing: /SAUVC2024-RPI/microros_ws/install/builtin_interfaces/include/builtin_interfaces/builtin_interfaces/msg/detail/duration__builder.hpp
[18.133s] -- Installing: /SAUVC2024-RPI/microros_ws/install/builtin_interfaces/include/builtin_interfaces/builtin_interfaces/msg/detail/duration__traits.hpp
[18.134s] -- Up-to-date: /SAUVC2024-RPI/microros_ws/install/builtin_interfaces/include/builtin_interfaces/builtin_interfaces
[18.134s] -- Up-to-date: /SAUVC2024-RPI/microros_ws/install/builtin_interfaces/include/builtin_interfaces/builtin_interfaces/msg
[18.135s] -- Installing: /SAUVC2024-RPI/microros_ws/install/builtin_interfaces/include/builtin_interfaces/builtin_interfaces/msg/rosidl_typesupport_fastrtps_cpp__visibility_control.h
[18.135s] -- Up-to-date: /SAUVC2024-RPI/microros_ws/install/builtin_interfaces/include/builtin_interfaces/builtin_interfaces/msg/detail
[18.135s] -- Installing: /SAUVC2024-RPI/microros_ws/install/builtin_interfaces/include/builtin_interfaces/builtin_interfaces/msg/detail/duration__rosidl_typesupport_fastrtps_cpp.hpp
[18.135s] -- Installing: /SAUVC2024-RPI/microros_ws/install/builtin_interfaces/include/builtin_interfaces/builtin_interfaces/msg/detail/dds_fastrtps
[18.136s] -- Installing: /SAUVC2024-RPI/microros_ws/install/builtin_interfaces/include/builtin_interfaces/builtin_interfaces/msg/detail/time__rosidl_typesupport_fastrtps_cpp.hpp
[18.137s] -- Installing: /SAUVC2024-RPI/microros_ws/install/builtin_interfaces/lib/libbuiltin_interfaces__rosidl_typesupport_fastrtps_cpp.so
[18.138s] -- Set runtime path of "/SAUVC2024-RPI/microros_ws/install/builtin_interfaces/lib/libbuiltin_interfaces__rosidl_typesupport_fastrtps_cpp.so" to ""
[18.138s] -- Up-to-date: /SAUVC2024-RPI/microros_ws/install/builtin_interfaces/include/builtin_interfaces/builtin_interfaces
[18.139s] -- Up-to-date: /SAUVC2024-RPI/microros_ws/install/builtin_interfaces/include/builtin_interfaces/builtin_interfaces/msg
[18.139s] -- Up-to-date: /SAUVC2024-RPI/microros_ws/install/builtin_interfaces/include/builtin_interfaces/builtin_interfaces/msg/detail
[18.139s] -- Installing: /SAUVC2024-RPI/microros_ws/install/builtin_interfaces/include/builtin_interfaces/builtin_interfaces/msg/detail/time__type_support.cpp
[18.140s] -- Installing: /SAUVC2024-RPI/microros_ws/install/builtin_interfaces/include/builtin_interfaces/builtin_interfaces/msg/detail/duration__rosidl_typesupport_introspection_cpp.hpp
[18.140s] -- Installing: /SAUVC2024-RPI/microros_ws/install/builtin_interfaces/include/builtin_interfaces/builtin_interfaces/msg/detail/duration__type_support.cpp
[18.141s] -- Installing: /SAUVC2024-RPI/microros_ws/install/builtin_interfaces/include/builtin_interfaces/builtin_interfaces/msg/detail/time__rosidl_typesupport_introspection_cpp.hpp
[18.141s] -- Installing: /SAUVC2024-RPI/microros_ws/install/builtin_interfaces/lib/libbuiltin_interfaces__rosidl_typesupport_introspection_cpp.so
[18.142s] -- Set runtime path of "/SAUVC2024-RPI/microros_ws/install/builtin_interfaces/lib/libbuiltin_interfaces__rosidl_typesupport_introspection_cpp.so" to ""
[18.142s] -- Installing: /SAUVC2024-RPI/microros_ws/install/builtin_interfaces/lib/libbuiltin_interfaces__rosidl_typesupport_cpp.so
[18.143s] -- Set runtime path of "/SAUVC2024-RPI/microros_ws/install/builtin_interfaces/lib/libbuiltin_interfaces__rosidl_typesupport_cpp.so" to ""
[18.144s] -- Installing: /SAUVC2024-RPI/microros_ws/install/builtin_interfaces/share/builtin_interfaces/environment/pythonpath.sh
[18.144s] -- Installing: /SAUVC2024-RPI/microros_ws/install/builtin_interfaces/share/builtin_interfaces/environment/pythonpath.dsv
[18.146s] -- Installing: /SAUVC2024-RPI/microros_ws/install/builtin_interfaces/local/lib/python3.10/dist-packages/builtin_interfaces-1.2.1-py3.10.egg-info
[18.147s] -- Installing: /SAUVC2024-RPI/microros_ws/install/builtin_interfaces/local/lib/python3.10/dist-packages/builtin_interfaces-1.2.1-py3.10.egg-info/dependency_links.txt
[18.148s] -- Installing: /SAUVC2024-RPI/microros_ws/install/builtin_interfaces/local/lib/python3.10/dist-packages/builtin_interfaces-1.2.1-py3.10.egg-info/PKG-INFO
[18.148s] -- Installing: /SAUVC2024-RPI/microros_ws/install/builtin_interfaces/local/lib/python3.10/dist-packages/builtin_interfaces-1.2.1-py3.10.egg-info/SOURCES.txt
[18.149s] -- Installing: /SAUVC2024-RPI/microros_ws/install/builtin_interfaces/local/lib/python3.10/dist-packages/builtin_interfaces-1.2.1-py3.10.egg-info/top_level.txt
[18.149s] -- Installing: /SAUVC2024-RPI/microros_ws/install/builtin_interfaces/local/lib/python3.10/dist-packages/builtin_interfaces
[18.150s] -- Installing: /SAUVC2024-RPI/microros_ws/install/builtin_interfaces/local/lib/python3.10/dist-packages/builtin_interfaces/_builtin_interfaces_s.ep.rosidl_typesupport_fastrtps_c.c
[18.150s] -- Installing: /SAUVC2024-RPI/microros_ws/install/builtin_interfaces/local/lib/python3.10/dist-packages/builtin_interfaces/_builtin_interfaces_s.ep.rosidl_typesupport_introspection_c.c
[18.151s] -- Installing: /SAUVC2024-RPI/microros_ws/install/builtin_interfaces/local/lib/python3.10/dist-packages/builtin_interfaces/builtin_interfaces_s__rosidl_typesupport_fastrtps_c.cpython-310-x86_64-linux-gnu.so
[18.151s] -- Installing: /SAUVC2024-RPI/microros_ws/install/builtin_interfaces/local/lib/python3.10/dist-packages/builtin_interfaces/__init__.py
[18.152s] -- Installing: /SAUVC2024-RPI/microros_ws/install/builtin_interfaces/local/lib/python3.10/dist-packages/builtin_interfaces/libbuiltin_interfaces__rosidl_generator_py.so
[18.153s] -- Installing: /SAUVC2024-RPI/microros_ws/install/builtin_interfaces/local/lib/python3.10/dist-packages/builtin_interfaces/builtin_interfaces_s__rosidl_typesupport_c.cpython-310-x86_64-linux-gnu.so
[18.154s] -- Installing: /SAUVC2024-RPI/microros_ws/install/builtin_interfaces/local/lib/python3.10/dist-packages/builtin_interfaces/_builtin_interfaces_s.ep.rosidl_typesupport_c.c
[18.154s] -- Installing: /SAUVC2024-RPI/microros_ws/install/builtin_interfaces/local/lib/python3.10/dist-packages/builtin_interfaces/msg
[18.155s] -- Installing: /SAUVC2024-RPI/microros_ws/install/builtin_interfaces/local/lib/python3.10/dist-packages/builtin_interfaces/msg/_time_s.c
[18.156s] -- Installing: /SAUVC2024-RPI/microros_ws/install/builtin_interfaces/local/lib/python3.10/dist-packages/builtin_interfaces/msg/_duration_s.c
[18.156s] -- Installing: /SAUVC2024-RPI/microros_ws/install/builtin_interfaces/local/lib/python3.10/dist-packages/builtin_interfaces/msg/__init__.py
[18.156s] -- Installing: /SAUVC2024-RPI/microros_ws/install/builtin_interfaces/local/lib/python3.10/dist-packages/builtin_interfaces/msg/_duration.py
[18.156s] -- Installing: /SAUVC2024-RPI/microros_ws/install/builtin_interfaces/local/lib/python3.10/dist-packages/builtin_interfaces/msg/_time.py
[18.157s] -- Installing: /SAUVC2024-RPI/microros_ws/install/builtin_interfaces/local/lib/python3.10/dist-packages/builtin_interfaces/builtin_interfaces_s__rosidl_typesupport_introspection_c.cpython-310-x86_64-linux-gnu.so
[18.242s] Listing '/SAUVC2024-RPI/microros_ws/install/builtin_interfaces/local/lib/python3.10/dist-packages/builtin_interfaces'...
[18.242s] Compiling '/SAUVC2024-RPI/microros_ws/install/builtin_interfaces/local/lib/python3.10/dist-packages/builtin_interfaces/__init__.py'...
[18.242s] Listing '/SAUVC2024-RPI/microros_ws/install/builtin_interfaces/local/lib/python3.10/dist-packages/builtin_interfaces/msg'...
[18.243s] Compiling '/SAUVC2024-RPI/microros_ws/install/builtin_interfaces/local/lib/python3.10/dist-packages/builtin_interfaces/msg/__init__.py'...
[18.243s] Compiling '/SAUVC2024-RPI/microros_ws/install/builtin_interfaces/local/lib/python3.10/dist-packages/builtin_interfaces/msg/_duration.py'...
[18.243s] Compiling '/SAUVC2024-RPI/microros_ws/install/builtin_interfaces/local/lib/python3.10/dist-packages/builtin_interfaces/msg/_time.py'...
[18.252s] -- Installing: /SAUVC2024-RPI/microros_ws/install/builtin_interfaces/local/lib/python3.10/dist-packages/builtin_interfaces/builtin_interfaces_s__rosidl_typesupport_fastrtps_c.cpython-310-x86_64-linux-gnu.so
[18.252s] -- Set runtime path of "/SAUVC2024-RPI/microros_ws/install/builtin_interfaces/local/lib/python3.10/dist-packages/builtin_interfaces/builtin_interfaces_s__rosidl_typesupport_fastrtps_c.cpython-310-x86_64-linux-gnu.so" to ""
[18.253s] -- Installing: /SAUVC2024-RPI/microros_ws/install/builtin_interfaces/local/lib/python3.10/dist-packages/builtin_interfaces/builtin_interfaces_s__rosidl_typesupport_introspection_c.cpython-310-x86_64-linux-gnu.so
[18.254s] -- Set runtime path of "/SAUVC2024-RPI/microros_ws/install/builtin_interfaces/local/lib/python3.10/dist-packages/builtin_interfaces/builtin_interfaces_s__rosidl_typesupport_introspection_c.cpython-310-x86_64-linux-gnu.so" to ""
[18.255s] -- Installing: /SAUVC2024-RPI/microros_ws/install/builtin_interfaces/local/lib/python3.10/dist-packages/builtin_interfaces/builtin_interfaces_s__rosidl_typesupport_c.cpython-310-x86_64-linux-gnu.so
[18.256s] -- Set runtime path of "/SAUVC2024-RPI/microros_ws/install/builtin_interfaces/local/lib/python3.10/dist-packages/builtin_interfaces/builtin_interfaces_s__rosidl_typesupport_c.cpython-310-x86_64-linux-gnu.so" to ""
[18.257s] -- Installing: /SAUVC2024-RPI/microros_ws/install/builtin_interfaces/lib/libbuiltin_interfaces__rosidl_generator_py.so
[18.258s] -- Set runtime path of "/SAUVC2024-RPI/microros_ws/install/builtin_interfaces/lib/libbuiltin_interfaces__rosidl_generator_py.so" to ""
[18.259s] -- Installing: /SAUVC2024-RPI/microros_ws/install/builtin_interfaces/share/builtin_interfaces/msg/Duration.idl
[18.260s] -- Installing: /SAUVC2024-RPI/microros_ws/install/builtin_interfaces/share/builtin_interfaces/msg/Time.idl
[18.260s] -- Installing: /SAUVC2024-RPI/microros_ws/install/builtin_interfaces/share/builtin_interfaces/msg/Duration.msg
[18.261s] -- Installing: /SAUVC2024-RPI/microros_ws/install/builtin_interfaces/share/builtin_interfaces/msg/Time.msg
[18.262s] -- Installing: /SAUVC2024-RPI/microros_ws/install/builtin_interfaces/share/ament_index/resource_index/package_run_dependencies/builtin_interfaces
[18.263s] -- Installing: /SAUVC2024-RPI/microros_ws/install/builtin_interfaces/share/ament_index/resource_index/parent_prefix_path/builtin_interfaces
[18.264s] -- Installing: /SAUVC2024-RPI/microros_ws/install/builtin_interfaces/share/builtin_interfaces/environment/ament_prefix_path.sh
[18.265s] -- Installing: /SAUVC2024-RPI/microros_ws/install/builtin_interfaces/share/builtin_interfaces/environment/ament_prefix_path.dsv
[18.265s] -- Installing: /SAUVC2024-RPI/microros_ws/install/builtin_interfaces/share/builtin_interfaces/environment/path.sh
[18.266s] -- Installing: /SAUVC2024-RPI/microros_ws/install/builtin_interfaces/share/builtin_interfaces/environment/path.dsv
[18.266s] -- Installing: /SAUVC2024-RPI/microros_ws/install/builtin_interfaces/share/builtin_interfaces/local_setup.bash
[18.266s] -- Installing: /SAUVC2024-RPI/microros_ws/install/builtin_interfaces/share/builtin_interfaces/local_setup.sh
[18.267s] -- Installing: /SAUVC2024-RPI/microros_ws/install/builtin_interfaces/share/builtin_interfaces/local_setup.zsh
[18.267s] -- Installing: /SAUVC2024-RPI/microros_ws/install/builtin_interfaces/share/builtin_interfaces/local_setup.dsv
[18.267s] -- Installing: /SAUVC2024-RPI/microros_ws/install/builtin_interfaces/share/builtin_interfaces/package.dsv
[18.268s] -- Installing: /SAUVC2024-RPI/microros_ws/install/builtin_interfaces/share/ament_index/resource_index/packages/builtin_interfaces
[18.269s] -- Installing: /SAUVC2024-RPI/microros_ws/install/builtin_interfaces/share/builtin_interfaces/cmake/export_builtin_interfaces__rosidl_generator_cExport.cmake
[18.269s] -- Installing: /SAUVC2024-RPI/microros_ws/install/builtin_interfaces/share/builtin_interfaces/cmake/export_builtin_interfaces__rosidl_generator_cExport-noconfig.cmake
[18.270s] -- Installing: /SAUVC2024-RPI/microros_ws/install/builtin_interfaces/share/builtin_interfaces/cmake/export_builtin_interfaces__rosidl_typesupport_fastrtps_cExport.cmake
[18.270s] -- Installing: /SAUVC2024-RPI/microros_ws/install/builtin_interfaces/share/builtin_interfaces/cmake/export_builtin_interfaces__rosidl_typesupport_fastrtps_cExport-noconfig.cmake
[18.289s] -- Installing: /SAUVC2024-RPI/microros_ws/install/builtin_interfaces/share/builtin_interfaces/cmake/builtin_interfaces__rosidl_typesupport_introspection_cExport.cmake
[18.290s] -- Installing: /SAUVC2024-RPI/microros_ws/install/builtin_interfaces/share/builtin_interfaces/cmake/builtin_interfaces__rosidl_typesupport_introspection_cExport-noconfig.cmake
[18.291s] -- Installing: /SAUVC2024-RPI/microros_ws/install/builtin_interfaces/share/builtin_interfaces/cmake/builtin_interfaces__rosidl_typesupport_cExport.cmake
[18.291s] -- Installing: /SAUVC2024-RPI/microros_ws/install/builtin_interfaces/share/builtin_interfaces/cmake/builtin_interfaces__rosidl_typesupport_cExport-noconfig.cmake
[18.292s] -- Installing: /SAUVC2024-RPI/microros_ws/install/builtin_interfaces/share/builtin_interfaces/cmake/export_builtin_interfaces__rosidl_generator_cppExport.cmake
[18.292s] -- Installing: /SAUVC2024-RPI/microros_ws/install/builtin_interfaces/share/builtin_interfaces/cmake/export_builtin_interfaces__rosidl_typesupport_fastrtps_cppExport.cmake
[18.292s] -- Installing: /SAUVC2024-RPI/microros_ws/install/builtin_interfaces/share/builtin_interfaces/cmake/export_builtin_interfaces__rosidl_typesupport_fastrtps_cppExport-noconfig.cmake
[18.293s] -- Installing: /SAUVC2024-RPI/microros_ws/install/builtin_interfaces/share/builtin_interfaces/cmake/builtin_interfaces__rosidl_typesupport_introspection_cppExport.cmake
[18.293s] -- Installing: /SAUVC2024-RPI/microros_ws/install/builtin_interfaces/share/builtin_interfaces/cmake/builtin_interfaces__rosidl_typesupport_introspection_cppExport-noconfig.cmake
[18.297s] -- Installing: /SAUVC2024-RPI/microros_ws/install/builtin_interfaces/share/builtin_interfaces/cmake/builtin_interfaces__rosidl_typesupport_cppExport.cmake
[18.301s] -- Installing: /SAUVC2024-RPI/microros_ws/install/builtin_interfaces/share/builtin_interfaces/cmake/builtin_interfaces__rosidl_typesupport_cppExport-noconfig.cmake
[18.302s] -- Installing: /SAUVC2024-RPI/microros_ws/install/builtin_interfaces/share/builtin_interfaces/cmake/export_builtin_interfaces__rosidl_generator_pyExport.cmake
[18.304s] -- Installing: /SAUVC2024-RPI/microros_ws/install/builtin_interfaces/share/builtin_interfaces/cmake/export_builtin_interfaces__rosidl_generator_pyExport-noconfig.cmake
[18.304s] -- Installing: /SAUVC2024-RPI/microros_ws/install/builtin_interfaces/share/builtin_interfaces/cmake/rosidl_cmake-extras.cmake
[18.304s] -- Installing: /SAUVC2024-RPI/microros_ws/install/builtin_interfaces/share/builtin_interfaces/cmake/ament_cmake_export_include_directories-extras.cmake
[18.304s] -- Installing: /SAUVC2024-RPI/microros_ws/install/builtin_interfaces/share/builtin_interfaces/cmake/ament_cmake_export_libraries-extras.cmake
[18.305s] -- Installing: /SAUVC2024-RPI/microros_ws/install/builtin_interfaces/share/builtin_interfaces/cmake/ament_cmake_export_targets-extras.cmake
[18.305s] -- Installing: /SAUVC2024-RPI/microros_ws/install/builtin_interfaces/share/builtin_interfaces/cmake/rosidl_cmake_export_typesupport_targets-extras.cmake
[18.305s] -- Installing: /SAUVC2024-RPI/microros_ws/install/builtin_interfaces/share/builtin_interfaces/cmake/ament_cmake_export_dependencies-extras.cmake
[18.307s] -- Installing: /SAUVC2024-RPI/microros_ws/install/builtin_interfaces/share/builtin_interfaces/cmake/rosidl_cmake_export_typesupport_libraries-extras.cmake
[18.308s] -- Installing: /SAUVC2024-RPI/microros_ws/install/builtin_interfaces/share/builtin_interfaces/cmake/builtin_interfacesConfig.cmake
[18.309s] -- Installing: /SAUVC2024-RPI/microros_ws/install/builtin_interfaces/share/builtin_interfaces/cmake/builtin_interfacesConfig-version.cmake
[18.309s] -- Installing: /SAUVC2024-RPI/microros_ws/install/builtin_interfaces/share/builtin_interfaces/package.xml
[18.314s] Invoked command in '/SAUVC2024-RPI/microros_ws/build/builtin_interfaces' returned '0': CMAKE_PREFIX_PATH=${CMAKE_PREFIX_PATH}:/opt/ros/humble /usr/bin/cmake --install /SAUVC2024-RPI/microros_ws/build/builtin_interfaces
