[0.225s] DEBUG:colcon:Command line arguments: ['/usr/bin/colcon', 'build']
[0.225s] DEBUG:colcon:Parsed command line arguments: Namespace(log_base=None, log_level=None, verb_name='build', build_base='build', install_base='install', merge_install=False, symlink_install=False, test_result_base=None, continue_on_error=False, executor='parallel', parallel_workers=4, event_handlers=None, ignore_user_meta=False, metas=['./colcon.meta'], base_paths=['.'], packages_ignore=None, packages_ignore_regex=None, paths=None, packages_up_to=None, packages_up_to_regex=None, packages_above=None, packages_above_and_dependencies=None, packages_above_depth=None, packages_select_by_dep=None, packages_skip_by_dep=None, packages_skip_up_to=None, packages_select_build_failed=False, packages_skip_build_finished=False, packages_select_test_failures=False, packages_skip_test_passed=False, packages_select=None, packages_skip=None, packages_select_regex=None, packages_skip_regex=None, packages_start=None, packages_end=None, cmake_args=None, cmake_target=None, cmake_target_skip_unavailable=False, cmake_clean_cache=False, cmake_clean_first=False, cmake_force_configure=False, ament_cmake_args=None, catkin_cmake_args=None, catkin_skip_building_tests=False, mixin_files=None, mixin=None, verb_parser=<colcon_mixin.mixin.mixin_argument.MixinArgumentDecorator object at 0x7f546c9f22c0>, verb_extension=<colcon_core.verb.build.BuildVerb object at 0x7f546cae6aa0>, main=<bound method BuildVerb.main of <colcon_core.verb.build.BuildVerb object at 0x7f546cae6aa0>>, mixin_verb=('build',))
[0.421s] Level 1:colcon.colcon_core.package_discovery:discover_packages(colcon_meta) check parameters
[0.423s] INFO:colcon.colcon_metadata.package_discovery.colcon_meta:Using configuration from '/root/.colcon/metadata/default/Gazebo.meta'
[0.424s] INFO:colcon.colcon_metadata.package_discovery.colcon_meta:Using configuration from '/root/.colcon/metadata/default/fastrtps.meta'
[0.424s] Level 1:colcon.colcon_core.package_discovery:discover_packages(recursive) check parameters
[0.424s] Level 1:colcon.colcon_core.package_discovery:discover_packages(ignore) check parameters
[0.424s] Level 1:colcon.colcon_core.package_discovery:discover_packages(path) check parameters
[0.424s] Level 1:colcon.colcon_core.package_discovery:discover_packages(colcon_meta) discover
[0.424s] Level 1:colcon.colcon_core.package_discovery:discover_packages(recursive) discover
[0.425s] INFO:colcon.colcon_core.package_discovery:Crawling recursively for packages in '/SAUVC2024-RPI/microros_ws'
[0.425s] Level 1:colcon.colcon_core.package_identification:_identify(.) by extensions ['ignore', 'ignore_ament_install']
[0.425s] Level 1:colcon.colcon_core.package_identification:_identify(.) by extension 'ignore'
[0.425s] Level 1:colcon.colcon_core.package_identification:_identify(.) by extension 'ignore_ament_install'
[0.425s] Level 1:colcon.colcon_core.package_identification:_identify(.) by extensions ['colcon_pkg']
[0.425s] Level 1:colcon.colcon_core.package_identification:_identify(.) by extension 'colcon_pkg'
[0.425s] Level 1:colcon.colcon_core.package_identification:_identify(.) by extensions ['colcon_meta']
[0.425s] Level 1:colcon.colcon_core.package_identification:_identify(.) by extension 'colcon_meta'
[0.425s] Level 1:colcon.colcon_core.package_identification:_identify(.) by extensions ['ros']
[0.426s] Level 1:colcon.colcon_core.package_identification:_identify(.) by extension 'ros'
[0.447s] Level 1:colcon.colcon_core.package_identification:_identify(.) by extensions ['cmake', 'python']
[0.447s] Level 1:colcon.colcon_core.package_identification:_identify(.) by extension 'cmake'
[0.447s] Level 1:colcon.colcon_core.package_identification:_identify(.) by extension 'python'
[0.447s] Level 1:colcon.colcon_core.package_identification:_identify(.) by extensions ['python_setup_py']
[0.447s] Level 1:colcon.colcon_core.package_identification:_identify(.) by extension 'python_setup_py'
[0.448s] Level 1:colcon.colcon_core.package_identification:_identify(build) by extensions ['ignore', 'ignore_ament_install']
[0.448s] Level 1:colcon.colcon_core.package_identification:_identify(build) by extension 'ignore'
[0.448s] Level 1:colcon.colcon_core.package_identification:_identify(build) ignored
[0.448s] Level 1:colcon.colcon_core.package_identification:_identify(install) by extensions ['ignore', 'ignore_ament_install']
[0.448s] Level 1:colcon.colcon_core.package_identification:_identify(install) by extension 'ignore'
[0.448s] Level 1:colcon.colcon_core.package_identification:_identify(install) ignored
[0.449s] Level 1:colcon.colcon_core.package_identification:_identify(log) by extensions ['ignore', 'ignore_ament_install']
[0.449s] Level 1:colcon.colcon_core.package_identification:_identify(log) by extension 'ignore'
[0.449s] Level 1:colcon.colcon_core.package_identification:_identify(log) ignored
[0.449s] Level 1:colcon.colcon_core.package_identification:_identify(src) by extensions ['ignore', 'ignore_ament_install']
[0.449s] Level 1:colcon.colcon_core.package_identification:_identify(src) by extension 'ignore'
[0.449s] Level 1:colcon.colcon_core.package_identification:_identify(src) by extension 'ignore_ament_install'
[0.449s] Level 1:colcon.colcon_core.package_identification:_identify(src) by extensions ['colcon_pkg']
[0.449s] Level 1:colcon.colcon_core.package_identification:_identify(src) by extension 'colcon_pkg'
[0.449s] Level 1:colcon.colcon_core.package_identification:_identify(src) by extensions ['colcon_meta']
[0.450s] Level 1:colcon.colcon_core.package_identification:_identify(src) by extension 'colcon_meta'
[0.450s] Level 1:colcon.colcon_core.package_identification:_identify(src) by extensions ['ros']
[0.450s] Level 1:colcon.colcon_core.package_identification:_identify(src) by extension 'ros'
[0.450s] Level 1:colcon.colcon_core.package_identification:_identify(src) by extensions ['cmake', 'python']
[0.450s] Level 1:colcon.colcon_core.package_identification:_identify(src) by extension 'cmake'
[0.450s] Level 1:colcon.colcon_core.package_identification:_identify(src) by extension 'python'
[0.450s] Level 1:colcon.colcon_core.package_identification:_identify(src) by extensions ['python_setup_py']
[0.450s] Level 1:colcon.colcon_core.package_identification:_identify(src) by extension 'python_setup_py'
[0.450s] Level 1:colcon.colcon_core.package_identification:_identify(src/micro_ros_setup) by extensions ['ignore', 'ignore_ament_install']
[0.450s] Level 1:colcon.colcon_core.package_identification:_identify(src/micro_ros_setup) by extension 'ignore'
[0.450s] Level 1:colcon.colcon_core.package_identification:_identify(src/micro_ros_setup) by extension 'ignore_ament_install'
[0.451s] Level 1:colcon.colcon_core.package_identification:_identify(src/micro_ros_setup) by extensions ['colcon_pkg']
[0.451s] Level 1:colcon.colcon_core.package_identification:_identify(src/micro_ros_setup) by extension 'colcon_pkg'
[0.451s] Level 1:colcon.colcon_core.package_identification:_identify(src/micro_ros_setup) by extensions ['colcon_meta']
[0.451s] Level 1:colcon.colcon_core.package_identification:_identify(src/micro_ros_setup) by extension 'colcon_meta'
[0.451s] Level 1:colcon.colcon_core.package_identification:_identify(src/micro_ros_setup) by extensions ['ros']
[0.451s] Level 1:colcon.colcon_core.package_identification:_identify(src/micro_ros_setup) by extension 'ros'
[0.455s] DEBUG:colcon.colcon_core.package_identification:Package 'src/micro_ros_setup' with type 'ros.ament_cmake' and name 'micro_ros_setup'
[0.456s] Level 1:colcon.colcon_core.package_discovery:discover_packages(recursive) using defaults
[0.456s] Level 1:colcon.colcon_core.package_discovery:discover_packages(ignore) discover
[0.456s] Level 1:colcon.colcon_core.package_discovery:discover_packages(ignore) using defaults
[0.456s] Level 1:colcon.colcon_core.package_discovery:discover_packages(path) discover
[0.456s] Level 1:colcon.colcon_core.package_discovery:discover_packages(path) using defaults
[0.491s] Level 5:colcon.colcon_core.verb:set package 'micro_ros_setup' build argument 'cmake_args' from command line to 'None'
[0.492s] Level 5:colcon.colcon_core.verb:set package 'micro_ros_setup' build argument 'cmake_target' from command line to 'None'
[0.492s] Level 5:colcon.colcon_core.verb:set package 'micro_ros_setup' build argument 'cmake_target_skip_unavailable' from command line to 'False'
[0.492s] Level 5:colcon.colcon_core.verb:set package 'micro_ros_setup' build argument 'cmake_clean_cache' from command line to 'False'
[0.492s] Level 5:colcon.colcon_core.verb:set package 'micro_ros_setup' build argument 'cmake_clean_first' from command line to 'False'
[0.492s] Level 5:colcon.colcon_core.verb:set package 'micro_ros_setup' build argument 'cmake_force_configure' from command line to 'False'
[0.492s] Level 5:colcon.colcon_core.verb:set package 'micro_ros_setup' build argument 'ament_cmake_args' from command line to 'None'
[0.492s] Level 5:colcon.colcon_core.verb:set package 'micro_ros_setup' build argument 'catkin_cmake_args' from command line to 'None'
[0.492s] Level 5:colcon.colcon_core.verb:set package 'micro_ros_setup' build argument 'catkin_skip_building_tests' from command line to 'False'
[0.492s] DEBUG:colcon.colcon_core.verb:Building package 'micro_ros_setup' with the following arguments: {'ament_cmake_args': None, 'build_base': '/SAUVC2024-RPI/microros_ws/build/micro_ros_setup', 'catkin_cmake_args': None, 'catkin_skip_building_tests': False, 'cmake_args': None, 'cmake_clean_cache': False, 'cmake_clean_first': False, 'cmake_force_configure': False, 'cmake_target': None, 'cmake_target_skip_unavailable': False, 'install_base': '/SAUVC2024-RPI/microros_ws/install/micro_ros_setup', 'merge_install': False, 'path': '/SAUVC2024-RPI/microros_ws/src/micro_ros_setup', 'symlink_install': False, 'test_result_base': None}
[0.492s] INFO:colcon.colcon_core.executor:Executing jobs using 'parallel' executor
[0.496s] DEBUG:colcon.colcon_parallel_executor.executor.parallel:run_until_complete
[0.497s] INFO:colcon.colcon_ros.task.ament_cmake.build:Building ROS package in '/SAUVC2024-RPI/microros_ws/src/micro_ros_setup' with build type 'ament_cmake'
[0.497s] INFO:colcon.colcon_cmake.task.cmake.build:Building CMake package in '/SAUVC2024-RPI/microros_ws/src/micro_ros_setup'
[0.503s] INFO:colcon.colcon_core.plugin_system:Skipping extension 'colcon_core.shell.bat': Not used on non-Windows systems
[0.503s] INFO:colcon.colcon_core.shell:Skip shell extension 'powershell' for command environment: Not usable outside of PowerShell
[0.503s] DEBUG:colcon.colcon_core.shell:Skip shell extension 'dsv' for command environment
[0.505s] WARNING:colcon.colcon_ros.prefix_path.ament:The path '/SAUVC2024-RPI/microros_ws/install/micro_ros_setup' in the environment variable AMENT_PREFIX_PATH doesn't exist
[0.506s] WARNING:colcon.colcon_ros.prefix_path.catkin:The path '/SAUVC2024-RPI/microros_ws/install/micro_ros_setup' in the environment variable CMAKE_PREFIX_PATH doesn't exist
[0.523s] DEBUG:colcon.colcon_core.event_handler.log_command:Invoking command in '/SAUVC2024-RPI/microros_ws/build/micro_ros_setup': CMAKE_PREFIX_PATH=${CMAKE_PREFIX_PATH}:/opt/ros/humble /usr/bin/cmake /SAUVC2024-RPI/microros_ws/src/micro_ros_setup -DCMAKE_INSTALL_PREFIX=/SAUVC2024-RPI/microros_ws/install/micro_ros_setup
[1.556s] DEBUG:colcon.colcon_core.event_handler.log_command:Invoked command in '/SAUVC2024-RPI/microros_ws/build/micro_ros_setup' returned '0': CMAKE_PREFIX_PATH=${CMAKE_PREFIX_PATH}:/opt/ros/humble /usr/bin/cmake /SAUVC2024-RPI/microros_ws/src/micro_ros_setup -DCMAKE_INSTALL_PREFIX=/SAUVC2024-RPI/microros_ws/install/micro_ros_setup
[1.560s] DEBUG:colcon.colcon_core.event_handler.log_command:Invoking command in '/SAUVC2024-RPI/microros_ws/build/micro_ros_setup': CMAKE_PREFIX_PATH=${CMAKE_PREFIX_PATH}:/opt/ros/humble /usr/bin/cmake --build /SAUVC2024-RPI/microros_ws/build/micro_ros_setup -- -j4 -l4
[1.617s] DEBUG:colcon.colcon_core.event_handler.log_command:Invoked command in '/SAUVC2024-RPI/microros_ws/build/micro_ros_setup' returned '0': CMAKE_PREFIX_PATH=${CMAKE_PREFIX_PATH}:/opt/ros/humble /usr/bin/cmake --build /SAUVC2024-RPI/microros_ws/build/micro_ros_setup -- -j4 -l4
[1.674s] DEBUG:colcon.colcon_core.event_handler.log_command:Invoking command in '/SAUVC2024-RPI/microros_ws/build/micro_ros_setup': CMAKE_PREFIX_PATH=${CMAKE_PREFIX_PATH}:/opt/ros/humble /usr/bin/cmake --install /SAUVC2024-RPI/microros_ws/build/micro_ros_setup
[1.756s] Level 1:colcon.colcon_core.environment:create_environment_scripts_only(micro_ros_setup)
[1.764s] DEBUG:colcon.colcon_core.event_handler.log_command:Invoked command in '/SAUVC2024-RPI/microros_ws/build/micro_ros_setup' returned '0': CMAKE_PREFIX_PATH=${CMAKE_PREFIX_PATH}:/opt/ros/humble /usr/bin/cmake --install /SAUVC2024-RPI/microros_ws/build/micro_ros_setup
[1.767s] Level 1:colcon.colcon_core.environment:checking '/SAUVC2024-RPI/microros_ws/install/micro_ros_setup' for CMake module files
[1.768s] Level 1:colcon.colcon_core.environment:checking '/SAUVC2024-RPI/microros_ws/install/micro_ros_setup' for CMake config files
[1.770s] Level 1:colcon.colcon_core.shell:create_environment_hook('micro_ros_setup', 'cmake_prefix_path')
[1.770s] INFO:colcon.colcon_core.shell:Creating environment hook '/SAUVC2024-RPI/microros_ws/install/micro_ros_setup/share/micro_ros_setup/hook/cmake_prefix_path.ps1'
[1.771s] INFO:colcon.colcon_core.shell:Creating environment descriptor '/SAUVC2024-RPI/microros_ws/install/micro_ros_setup/share/micro_ros_setup/hook/cmake_prefix_path.dsv'
[1.772s] INFO:colcon.colcon_core.shell:Creating environment hook '/SAUVC2024-RPI/microros_ws/install/micro_ros_setup/share/micro_ros_setup/hook/cmake_prefix_path.sh'
[1.773s] Level 1:colcon.colcon_core.environment:checking '/SAUVC2024-RPI/microros_ws/install/micro_ros_setup/lib'
[1.774s] Level 1:colcon.colcon_core.environment:checking '/SAUVC2024-RPI/microros_ws/install/micro_ros_setup/bin'
[1.774s] Level 1:colcon.colcon_core.environment:checking '/SAUVC2024-RPI/microros_ws/install/micro_ros_setup/lib/pkgconfig/micro_ros_setup.pc'
[1.776s] Level 1:colcon.colcon_core.environment:checking '/SAUVC2024-RPI/microros_ws/install/micro_ros_setup/lib/python3.10/site-packages'
[1.777s] Level 1:colcon.colcon_core.environment:checking '/SAUVC2024-RPI/microros_ws/install/micro_ros_setup/bin'
[1.778s] INFO:colcon.colcon_core.shell:Creating package script '/SAUVC2024-RPI/microros_ws/install/micro_ros_setup/share/micro_ros_setup/package.ps1'
[1.779s] INFO:colcon.colcon_core.shell:Creating package descriptor '/SAUVC2024-RPI/microros_ws/install/micro_ros_setup/share/micro_ros_setup/package.dsv'
[1.780s] INFO:colcon.colcon_core.shell:Creating package script '/SAUVC2024-RPI/microros_ws/install/micro_ros_setup/share/micro_ros_setup/package.sh'
[1.782s] INFO:colcon.colcon_core.shell:Creating package script '/SAUVC2024-RPI/microros_ws/install/micro_ros_setup/share/micro_ros_setup/package.bash'
[1.783s] INFO:colcon.colcon_core.shell:Creating package script '/SAUVC2024-RPI/microros_ws/install/micro_ros_setup/share/micro_ros_setup/package.zsh'
[1.785s] Level 1:colcon.colcon_core.environment:create_file_with_runtime_dependencies(/SAUVC2024-RPI/microros_ws/install/micro_ros_setup/share/colcon-core/packages/micro_ros_setup)
[1.826s] Level 1:colcon.colcon_core.environment:create_environment_scripts_only(micro_ros_setup)
[1.827s] Level 1:colcon.colcon_core.environment:checking '/SAUVC2024-RPI/microros_ws/install/micro_ros_setup' for CMake module files
[1.828s] Level 1:colcon.colcon_core.environment:checking '/SAUVC2024-RPI/microros_ws/install/micro_ros_setup' for CMake config files
[1.829s] Level 1:colcon.colcon_core.shell:create_environment_hook('micro_ros_setup', 'cmake_prefix_path')
[1.830s] INFO:colcon.colcon_core.shell:Creating environment hook '/SAUVC2024-RPI/microros_ws/install/micro_ros_setup/share/micro_ros_setup/hook/cmake_prefix_path.ps1'
[1.830s] INFO:colcon.colcon_core.shell:Creating environment descriptor '/SAUVC2024-RPI/microros_ws/install/micro_ros_setup/share/micro_ros_setup/hook/cmake_prefix_path.dsv'
[1.831s] INFO:colcon.colcon_core.shell:Creating environment hook '/SAUVC2024-RPI/microros_ws/install/micro_ros_setup/share/micro_ros_setup/hook/cmake_prefix_path.sh'
[1.832s] Level 1:colcon.colcon_core.environment:checking '/SAUVC2024-RPI/microros_ws/install/micro_ros_setup/lib'
[1.833s] Level 1:colcon.colcon_core.environment:checking '/SAUVC2024-RPI/microros_ws/install/micro_ros_setup/bin'
[1.833s] Level 1:colcon.colcon_core.environment:checking '/SAUVC2024-RPI/microros_ws/install/micro_ros_setup/lib/pkgconfig/micro_ros_setup.pc'
[1.833s] Level 1:colcon.colcon_core.environment:checking '/SAUVC2024-RPI/microros_ws/install/micro_ros_setup/lib/python3.10/site-packages'
[1.834s] Level 1:colcon.colcon_core.environment:checking '/SAUVC2024-RPI/microros_ws/install/micro_ros_setup/bin'
[1.834s] INFO:colcon.colcon_core.shell:Creating package script '/SAUVC2024-RPI/microros_ws/install/micro_ros_setup/share/micro_ros_setup/package.ps1'
[1.835s] INFO:colcon.colcon_core.shell:Creating package descriptor '/SAUVC2024-RPI/microros_ws/install/micro_ros_setup/share/micro_ros_setup/package.dsv'
[1.836s] INFO:colcon.colcon_core.shell:Creating package script '/SAUVC2024-RPI/microros_ws/install/micro_ros_setup/share/micro_ros_setup/package.sh'
[1.837s] INFO:colcon.colcon_core.shell:Creating package script '/SAUVC2024-RPI/microros_ws/install/micro_ros_setup/share/micro_ros_setup/package.bash'
[1.838s] INFO:colcon.colcon_core.shell:Creating package script '/SAUVC2024-RPI/microros_ws/install/micro_ros_setup/share/micro_ros_setup/package.zsh'
[1.839s] Level 1:colcon.colcon_core.environment:create_file_with_runtime_dependencies(/SAUVC2024-RPI/microros_ws/install/micro_ros_setup/share/colcon-core/packages/micro_ros_setup)
[1.840s] DEBUG:colcon.colcon_parallel_executor.executor.parallel:closing loop
[1.840s] DEBUG:colcon.colcon_parallel_executor.executor.parallel:loop closed
[1.840s] DEBUG:colcon.colcon_parallel_executor.executor.parallel:run_until_complete finished with '0'
[1.841s] DEBUG:colcon.colcon_core.event_reactor:joining thread
[1.854s] INFO:colcon.colcon_core.plugin_system:Skipping extension 'colcon_notification.desktop_notification.notify_send': Could not find 'notify-send'
[1.854s] INFO:colcon.colcon_core.plugin_system:Skipping extension 'colcon_notification.desktop_notification.terminal_notifier': Not used on non-Darwin systems
[1.854s] INFO:colcon.colcon_core.plugin_system:Skipping extension 'colcon_notification.desktop_notification.win32': Not used on non-Windows systems
[1.854s] INFO:colcon.colcon_notification.desktop_notification:Sending desktop notification using 'notify2'
[1.854s] DEBUG:colcon.colcon_notification.desktop_notification.notify2:Failed to initialize notify2: org.freedesktop.DBus.Error.NotSupported: Unable to autolaunch a dbus-daemon without a $DISPLAY for X11
[1.854s] DEBUG:colcon.colcon_core.event_reactor:joined thread
[1.855s] INFO:colcon.colcon_core.shell:Creating prefix script '/SAUVC2024-RPI/microros_ws/install/local_setup.ps1'
[1.858s] INFO:colcon.colcon_core.shell:Creating prefix util module '/SAUVC2024-RPI/microros_ws/install/_local_setup_util_ps1.py'
[1.860s] INFO:colcon.colcon_core.shell:Creating prefix chain script '/SAUVC2024-RPI/microros_ws/install/setup.ps1'
[1.862s] INFO:colcon.colcon_core.shell:Creating prefix script '/SAUVC2024-RPI/microros_ws/install/local_setup.sh'
[1.863s] INFO:colcon.colcon_core.shell:Creating prefix util module '/SAUVC2024-RPI/microros_ws/install/_local_setup_util_sh.py'
[1.864s] INFO:colcon.colcon_core.shell:Creating prefix chain script '/SAUVC2024-RPI/microros_ws/install/setup.sh'
[1.866s] INFO:colcon.colcon_core.shell:Creating prefix script '/SAUVC2024-RPI/microros_ws/install/local_setup.bash'
[1.867s] INFO:colcon.colcon_core.shell:Creating prefix chain script '/SAUVC2024-RPI/microros_ws/install/setup.bash'
[1.868s] INFO:colcon.colcon_core.shell:Creating prefix script '/SAUVC2024-RPI/microros_ws/install/local_setup.zsh'
[1.870s] INFO:colcon.colcon_core.shell:Creating prefix chain script '/SAUVC2024-RPI/microros_ws/install/setup.zsh'
