[0.081s] Invoking command in '/SAUVC2024-RPI/microros_ws/build/micro_ros_msgs': CMAKE_PREFIX_PATH=${CMAKE_PREFIX_PATH}:/opt/ros/humble /usr/bin/cmake /SAUVC2024-RPI/microros_ws/src/uros/micro_ros_msgs -DUAGENT_BUILD_EXECUTABLE=OFF -DUAGENT_P2P_PROFILE=OFF --no-warn-unused-cli -DCMAKE_INSTALL_PREFIX=/SAUVC2024-RPI/microros_ws/install/micro_ros_msgs
[0.106s] Not searching for unused variables given on the command line.
[0.512s] -- The C compiler identification is GNU 11.4.0
[0.774s] -- The CXX compiler identification is GNU 11.4.0
[0.793s] -- Detecting C compiler ABI info
[0.946s] -- Detecting C compiler ABI info - done
[0.963s] -- Check for working C compiler: /usr/bin/cc - skipped
[0.964s] -- Detecting C compile features
[0.966s] -- Detecting C compile features - done
[0.973s] -- Detecting CXX compiler ABI info
[1.114s] -- Detecting CXX compiler ABI info - done
[1.133s] -- Check for working CXX compiler: /usr/bin/c++ - skipped
[1.135s] -- Detecting CXX compile features
[1.136s] -- Detecting CXX compile features - done
[1.169s] -- Found ament_cmake: 1.3.10 (/opt/ros/humble/share/ament_cmake/cmake)
[1.460s] -- Found Python3: /usr/bin/python3 (found version "3.10.12") found components: Interpreter 
[1.668s] -- Found rosidl_default_generators: 1.2.0 (/opt/ros/humble/share/rosidl_default_generators/cmake)
[1.688s] -- Using all available rosidl_typesupport_c: rosidl_typesupport_fastrtps_c;rosidl_typesupport_introspection_c
[1.716s] -- Found rosidl_adapter: 3.1.5 (/opt/ros/humble/share/rosidl_adapter/cmake)
[1.886s] -- Using all available rosidl_typesupport_cpp: rosidl_typesupport_fastrtps_cpp;rosidl_typesupport_introspection_cpp
[1.984s] -- Found ament_lint_auto: 0.12.11 (/opt/ros/humble/share/ament_lint_auto/cmake)
[2.472s] -- Found ament_cmake_ros: 0.10.0 (/opt/ros/humble/share/ament_cmake_ros/cmake)
[2.783s] -- Using all available rosidl_typesupport_c: rosidl_typesupport_fastrtps_c;rosidl_typesupport_introspection_c
[3.164s] -- Using all available rosidl_typesupport_cpp: rosidl_typesupport_fastrtps_cpp;rosidl_typesupport_introspection_cpp
[3.208s] -- Found PythonInterp: /usr/bin/python3 (found suitable version "3.10.12", minimum required is "3.6") 
[3.213s] -- Found python_cmake_module: 0.10.0 (/opt/ros/humble/share/python_cmake_module/cmake)
[3.288s] -- Found PythonLibs: /usr/lib/x86_64-linux-gnu/libpython3.10.so (found suitable version "3.10.12", minimum required is "3.5") 
[3.288s] -- Using PYTHON_EXECUTABLE: /usr/bin/python3
[3.288s] -- Using PYTHON_INCLUDE_DIRS: /usr/include/python3.10
[3.289s] -- Using PYTHON_LIBRARIES: /usr/lib/x86_64-linux-gnu/libpython3.10.so
[3.315s] -- Found PythonExtra: .so  
[3.380s] -- Added test 'copyright' to check source files copyright and LICENSE
[3.394s] -- Added test 'lint_cmake' to check CMake code style
[3.401s] -- Added test 'xmllint' to check XML markup files
[3.415s] -- Configuring done
[3.541s] -- Generating done
[3.552s] -- Build files have been written to: /SAUVC2024-RPI/microros_ws/build/micro_ros_msgs
[3.565s] Invoked command in '/SAUVC2024-RPI/microros_ws/build/micro_ros_msgs' returned '0': CMAKE_PREFIX_PATH=${CMAKE_PREFIX_PATH}:/opt/ros/humble /usr/bin/cmake /SAUVC2024-RPI/microros_ws/src/uros/micro_ros_msgs -DUAGENT_BUILD_EXECUTABLE=OFF -DUAGENT_P2P_PROFILE=OFF --no-warn-unused-cli -DCMAKE_INSTALL_PREFIX=/SAUVC2024-RPI/microros_ws/install/micro_ros_msgs
[3.574s] Invoking command in '/SAUVC2024-RPI/microros_ws/build/micro_ros_msgs': CMAKE_PREFIX_PATH=${CMAKE_PREFIX_PATH}:/opt/ros/humble /usr/bin/cmake --build /SAUVC2024-RPI/microros_ws/build/micro_ros_msgs -- -j4 -l4
[3.684s] [  2%] [34m[1mGenerating C code for ROS interfaces[0m
[3.696s] [  4%] [34m[1mGenerating C++ code for ROS interfaces[0m
[3.787s] [  4%] Built target ament_cmake_python_copy_micro_ros_msgs
[4.882s] running egg_info
[4.893s] creating micro_ros_msgs.egg-info
[4.893s] writing micro_ros_msgs.egg-info/PKG-INFO
[4.893s] writing dependency_links to micro_ros_msgs.egg-info/dependency_links.txt
[4.894s] writing top-level names to micro_ros_msgs.egg-info/top_level.txt
[4.894s] writing manifest file 'micro_ros_msgs.egg-info/SOURCES.txt'
[4.894s] reading manifest file 'micro_ros_msgs.egg-info/SOURCES.txt'
[4.896s] writing manifest file 'micro_ros_msgs.egg-info/SOURCES.txt'
[4.992s] [  4%] Built target ament_cmake_python_build_micro_ros_msgs_egg
[5.649s] [  4%] Built target micro_ros_msgs__cpp
[5.683s] [  6%] [34m[1mGenerating C++ type support dispatch for ROS interfaces[0m
[5.727s] [  8%] [34m[1mGenerating C++ type support for eProsima Fast-RTPS[0m
[5.873s] [ 10%] [34m[1mGenerating C++ introspection for ROS interfaces[0m
[5.963s] [ 12%] [32mBuilding C object CMakeFiles/micro_ros_msgs__rosidl_generator_c.dir/rosidl_generator_c/micro_ros_msgs/msg/detail/graph__functions.c.o[0m
[6.242s] [ 14%] [32mBuilding C object CMakeFiles/micro_ros_msgs__rosidl_generator_c.dir/rosidl_generator_c/micro_ros_msgs/msg/detail/node__functions.c.o[0m
[6.515s] [ 17%] [32mBuilding C object CMakeFiles/micro_ros_msgs__rosidl_generator_c.dir/rosidl_generator_c/micro_ros_msgs/msg/detail/entity__functions.c.o[0m
[6.787s] [ 19%] [32m[1mLinking C shared library libmicro_ros_msgs__rosidl_generator_c.so[0m
[6.968s] [ 19%] Built target micro_ros_msgs__rosidl_generator_c
[6.993s] [ 21%] [34m[1mGenerating C type support for eProsima Fast-RTPS[0m
[7.991s] [ 23%] [32mBuilding CXX object CMakeFiles/micro_ros_msgs__rosidl_typesupport_cpp.dir/rosidl_typesupport_cpp/micro_ros_msgs/msg/graph__type_support.cpp.o[0m
[8.733s] [ 25%] [32mBuilding CXX object CMakeFiles/micro_ros_msgs__rosidl_typesupport_introspection_cpp.dir/rosidl_typesupport_introspection_cpp/micro_ros_msgs/msg/detail/graph__type_support.cpp.o[0m
[9.044s] [ 27%] [32mBuilding CXX object CMakeFiles/micro_ros_msgs__rosidl_typesupport_fastrtps_cpp.dir/rosidl_typesupport_fastrtps_cpp/micro_ros_msgs/msg/detail/dds_fastrtps/graph__type_support.cpp.o[0m
[9.411s] [ 29%] [32mBuilding CXX object CMakeFiles/micro_ros_msgs__rosidl_typesupport_cpp.dir/rosidl_typesupport_cpp/micro_ros_msgs/msg/node__type_support.cpp.o[0m
[9.439s] [ 31%] [32mBuilding CXX object CMakeFiles/micro_ros_msgs__rosidl_typesupport_fastrtps_c.dir/rosidl_typesupport_fastrtps_c/micro_ros_msgs/msg/detail/graph__type_support_c.cpp.o[0m
[11.224s] [ 34%] [32mBuilding CXX object CMakeFiles/micro_ros_msgs__rosidl_typesupport_cpp.dir/rosidl_typesupport_cpp/micro_ros_msgs/msg/entity__type_support.cpp.o[0m
[11.555s] [ 36%] [32mBuilding CXX object CMakeFiles/micro_ros_msgs__rosidl_typesupport_fastrtps_c.dir/rosidl_typesupport_fastrtps_c/micro_ros_msgs/msg/detail/node__type_support_c.cpp.o[0m
[12.148s] [ 38%] [32mBuilding CXX object CMakeFiles/micro_ros_msgs__rosidl_typesupport_fastrtps_cpp.dir/rosidl_typesupport_fastrtps_cpp/micro_ros_msgs/msg/detail/dds_fastrtps/node__type_support.cpp.o[0m
[12.300s] [ 40%] [32mBuilding CXX object CMakeFiles/micro_ros_msgs__rosidl_typesupport_introspection_cpp.dir/rosidl_typesupport_introspection_cpp/micro_ros_msgs/msg/detail/node__type_support.cpp.o[0m
[12.927s] [ 42%] [32m[1mLinking CXX shared library libmicro_ros_msgs__rosidl_typesupport_cpp.so[0m
[13.199s] [ 42%] Built target micro_ros_msgs__rosidl_typesupport_cpp
[13.267s] [ 44%] [34m[1mGenerating C introspection for ROS interfaces[0m
[13.691s] [ 46%] [32mBuilding CXX object CMakeFiles/micro_ros_msgs__rosidl_typesupport_fastrtps_c.dir/rosidl_typesupport_fastrtps_c/micro_ros_msgs/msg/detail/entity__type_support_c.cpp.o[0m
[14.258s] [ 48%] [32mBuilding CXX object CMakeFiles/micro_ros_msgs__rosidl_typesupport_fastrtps_cpp.dir/rosidl_typesupport_fastrtps_cpp/micro_ros_msgs/msg/detail/dds_fastrtps/entity__type_support.cpp.o[0m
[15.118s] [ 51%] [32m[1mLinking CXX shared library libmicro_ros_msgs__rosidl_typesupport_fastrtps_c.so[0m
[15.135s] [ 53%] [32mBuilding C object CMakeFiles/micro_ros_msgs__rosidl_typesupport_introspection_c.dir/rosidl_typesupport_introspection_c/micro_ros_msgs/msg/detail/graph__type_support.c.o[0m
[15.229s] [ 55%] [32mBuilding CXX object CMakeFiles/micro_ros_msgs__rosidl_typesupport_introspection_cpp.dir/rosidl_typesupport_introspection_cpp/micro_ros_msgs/msg/detail/entity__type_support.cpp.o[0m
[15.247s] [ 57%] [32mBuilding C object CMakeFiles/micro_ros_msgs__rosidl_typesupport_introspection_c.dir/rosidl_typesupport_introspection_c/micro_ros_msgs/msg/detail/node__type_support.c.o[0m
[15.374s] [ 59%] [32mBuilding C object CMakeFiles/micro_ros_msgs__rosidl_typesupport_introspection_c.dir/rosidl_typesupport_introspection_c/micro_ros_msgs/msg/detail/entity__type_support.c.o[0m
[15.405s] [ 59%] Built target micro_ros_msgs__rosidl_typesupport_fastrtps_c
[15.441s] [ 61%] [34m[1mGenerating C type support dispatch for ROS interfaces[0m
[15.470s] [ 63%] [32m[1mLinking C shared library libmicro_ros_msgs__rosidl_typesupport_introspection_c.so[0m
[15.557s] [ 63%] Built target micro_ros_msgs__rosidl_typesupport_introspection_c
[15.786s] [ 65%] [32m[1mLinking CXX shared library libmicro_ros_msgs__rosidl_typesupport_fastrtps_cpp.so[0m
[16.003s] [ 65%] Built target micro_ros_msgs__rosidl_typesupport_fastrtps_cpp
[16.434s] [ 68%] [32mBuilding CXX object CMakeFiles/micro_ros_msgs__rosidl_typesupport_c.dir/rosidl_typesupport_c/micro_ros_msgs/msg/node__type_support.cpp.o[0m
[16.437s] [ 70%] [32mBuilding CXX object CMakeFiles/micro_ros_msgs__rosidl_typesupport_c.dir/rosidl_typesupport_c/micro_ros_msgs/msg/graph__type_support.cpp.o[0m
[16.448s] [ 72%] [32mBuilding CXX object CMakeFiles/micro_ros_msgs__rosidl_typesupport_c.dir/rosidl_typesupport_c/micro_ros_msgs/msg/entity__type_support.cpp.o[0m
[16.459s] [ 74%] [32m[1mLinking CXX shared library libmicro_ros_msgs__rosidl_typesupport_introspection_cpp.so[0m
[16.547s] [ 76%] [32m[1mLinking CXX shared library libmicro_ros_msgs__rosidl_typesupport_c.so[0m
[16.640s] [ 76%] Built target micro_ros_msgs__rosidl_typesupport_c
[16.668s] [ 76%] Built target micro_ros_msgs__rosidl_typesupport_introspection_cpp
[16.703s] [ 76%] Built target micro_ros_msgs
[16.736s] [ 78%] [34m[1mGenerating Python code for ROS interfaces[0m
[18.345s] [ 78%] Built target micro_ros_msgs__py
[18.390s] [ 85%] [32mBuilding C object CMakeFiles/micro_ros_msgs__rosidl_generator_py.dir/rosidl_generator_py/micro_ros_msgs/msg/_node_s.c.o[0m
[18.390s] [ 85%] [32mBuilding C object CMakeFiles/micro_ros_msgs__rosidl_generator_py.dir/rosidl_generator_py/micro_ros_msgs/msg/_graph_s.c.o[0m
[18.391s] [ 85%] [32mBuilding C object CMakeFiles/micro_ros_msgs__rosidl_generator_py.dir/rosidl_generator_py/micro_ros_msgs/msg/_entity_s.c.o[0m
[18.689s] [ 87%] [32m[1mLinking C shared library rosidl_generator_py/micro_ros_msgs/libmicro_ros_msgs__rosidl_generator_py.so[0m
[18.757s] [ 87%] Built target micro_ros_msgs__rosidl_generator_py
[18.798s] [ 89%] [32mBuilding C object CMakeFiles/micro_ros_msgs__rosidl_typesupport_fastrtps_c__pyext.dir/rosidl_generator_py/micro_ros_msgs/_micro_ros_msgs_s.ep.rosidl_typesupport_fastrtps_c.c.o[0m
[18.800s] [ 91%] [32mBuilding C object CMakeFiles/micro_ros_msgs__rosidl_typesupport_introspection_c__pyext.dir/rosidl_generator_py/micro_ros_msgs/_micro_ros_msgs_s.ep.rosidl_typesupport_introspection_c.c.o[0m
[18.802s] [ 93%] [32mBuilding C object CMakeFiles/micro_ros_msgs__rosidl_typesupport_c__pyext.dir/rosidl_generator_py/micro_ros_msgs/_micro_ros_msgs_s.ep.rosidl_typesupport_c.c.o[0m
[19.021s] [ 95%] [32m[1mLinking C shared library rosidl_generator_py/micro_ros_msgs/micro_ros_msgs_s__rosidl_typesupport_introspection_c.cpython-310-x86_64-linux-gnu.so[0m
[19.023s] [ 97%] [32m[1mLinking C shared library rosidl_generator_py/micro_ros_msgs/micro_ros_msgs_s__rosidl_typesupport_c.cpython-310-x86_64-linux-gnu.so[0m
[19.052s] [100%] [32m[1mLinking C shared library rosidl_generator_py/micro_ros_msgs/micro_ros_msgs_s__rosidl_typesupport_fastrtps_c.cpython-310-x86_64-linux-gnu.so[0m
[19.094s] [100%] Built target micro_ros_msgs__rosidl_typesupport_introspection_c__pyext
[19.096s] [100%] Built target micro_ros_msgs__rosidl_typesupport_c__pyext
[19.124s] [100%] Built target micro_ros_msgs__rosidl_typesupport_fastrtps_c__pyext
[19.142s] Invoked command in '/SAUVC2024-RPI/microros_ws/build/micro_ros_msgs' returned '0': CMAKE_PREFIX_PATH=${CMAKE_PREFIX_PATH}:/opt/ros/humble /usr/bin/cmake --build /SAUVC2024-RPI/microros_ws/build/micro_ros_msgs -- -j4 -l4
[19.373s] Invoking command in '/SAUVC2024-RPI/microros_ws/build/micro_ros_msgs': CMAKE_PREFIX_PATH=${CMAKE_PREFIX_PATH}:/opt/ros/humble /usr/bin/cmake --install /SAUVC2024-RPI/microros_ws/build/micro_ros_msgs
[19.386s] -- Install configuration: ""
[19.387s] -- Installing: /SAUVC2024-RPI/microros_ws/install/micro_ros_msgs/share/ament_index/resource_index/rosidl_interfaces/micro_ros_msgs
[19.387s] -- Installing: /SAUVC2024-RPI/microros_ws/install/micro_ros_msgs/include/micro_ros_msgs/micro_ros_msgs
[19.388s] -- Installing: /SAUVC2024-RPI/microros_ws/install/micro_ros_msgs/include/micro_ros_msgs/micro_ros_msgs/msg
[19.388s] -- Installing: /SAUVC2024-RPI/microros_ws/install/micro_ros_msgs/include/micro_ros_msgs/micro_ros_msgs/msg/entity.h
[19.389s] -- Installing: /SAUVC2024-RPI/microros_ws/install/micro_ros_msgs/include/micro_ros_msgs/micro_ros_msgs/msg/graph.h
[19.389s] -- Installing: /SAUVC2024-RPI/microros_ws/install/micro_ros_msgs/include/micro_ros_msgs/micro_ros_msgs/msg/rosidl_generator_c__visibility_control.h
[19.390s] -- Installing: /SAUVC2024-RPI/microros_ws/install/micro_ros_msgs/include/micro_ros_msgs/micro_ros_msgs/msg/detail
[19.390s] -- Installing: /SAUVC2024-RPI/microros_ws/install/micro_ros_msgs/include/micro_ros_msgs/micro_ros_msgs/msg/detail/entity__functions.h
[19.391s] -- Installing: /SAUVC2024-RPI/microros_ws/install/micro_ros_msgs/include/micro_ros_msgs/micro_ros_msgs/msg/detail/node__functions.h
[19.391s] -- Installing: /SAUVC2024-RPI/microros_ws/install/micro_ros_msgs/include/micro_ros_msgs/micro_ros_msgs/msg/detail/entity__functions.c
[19.391s] -- Installing: /SAUVC2024-RPI/microros_ws/install/micro_ros_msgs/include/micro_ros_msgs/micro_ros_msgs/msg/detail/node__functions.c
[19.392s] -- Installing: /SAUVC2024-RPI/microros_ws/install/micro_ros_msgs/include/micro_ros_msgs/micro_ros_msgs/msg/detail/graph__struct.h
[19.392s] -- Installing: /SAUVC2024-RPI/microros_ws/install/micro_ros_msgs/include/micro_ros_msgs/micro_ros_msgs/msg/detail/entity__struct.h
[19.393s] -- Installing: /SAUVC2024-RPI/microros_ws/install/micro_ros_msgs/include/micro_ros_msgs/micro_ros_msgs/msg/detail/node__type_support.h
[19.393s] -- Installing: /SAUVC2024-RPI/microros_ws/install/micro_ros_msgs/include/micro_ros_msgs/micro_ros_msgs/msg/detail/graph__functions.c
[19.394s] -- Installing: /SAUVC2024-RPI/microros_ws/install/micro_ros_msgs/include/micro_ros_msgs/micro_ros_msgs/msg/detail/entity__type_support.h
[19.394s] -- Installing: /SAUVC2024-RPI/microros_ws/install/micro_ros_msgs/include/micro_ros_msgs/micro_ros_msgs/msg/detail/node__struct.h
[19.394s] -- Installing: /SAUVC2024-RPI/microros_ws/install/micro_ros_msgs/include/micro_ros_msgs/micro_ros_msgs/msg/detail/graph__type_support.h
[19.395s] -- Installing: /SAUVC2024-RPI/microros_ws/install/micro_ros_msgs/include/micro_ros_msgs/micro_ros_msgs/msg/detail/graph__functions.h
[19.395s] -- Installing: /SAUVC2024-RPI/microros_ws/install/micro_ros_msgs/include/micro_ros_msgs/micro_ros_msgs/msg/node.h
[19.396s] -- Installing: /SAUVC2024-RPI/microros_ws/install/micro_ros_msgs/share/micro_ros_msgs/environment/library_path.sh
[19.396s] -- Installing: /SAUVC2024-RPI/microros_ws/install/micro_ros_msgs/share/micro_ros_msgs/environment/library_path.dsv
[19.396s] -- Installing: /SAUVC2024-RPI/microros_ws/install/micro_ros_msgs/lib/libmicro_ros_msgs__rosidl_generator_c.so
[19.397s] -- Set runtime path of "/SAUVC2024-RPI/microros_ws/install/micro_ros_msgs/lib/libmicro_ros_msgs__rosidl_generator_c.so" to ""
[19.398s] -- Up-to-date: /SAUVC2024-RPI/microros_ws/install/micro_ros_msgs/include/micro_ros_msgs/micro_ros_msgs
[19.398s] -- Up-to-date: /SAUVC2024-RPI/microros_ws/install/micro_ros_msgs/include/micro_ros_msgs/micro_ros_msgs/msg
[19.399s] -- Installing: /SAUVC2024-RPI/microros_ws/install/micro_ros_msgs/include/micro_ros_msgs/micro_ros_msgs/msg/rosidl_typesupport_fastrtps_c__visibility_control.h
[19.399s] -- Up-to-date: /SAUVC2024-RPI/microros_ws/install/micro_ros_msgs/include/micro_ros_msgs/micro_ros_msgs/msg/detail
[19.399s] -- Installing: /SAUVC2024-RPI/microros_ws/install/micro_ros_msgs/include/micro_ros_msgs/micro_ros_msgs/msg/detail/node__rosidl_typesupport_fastrtps_c.h
[19.399s] -- Installing: /SAUVC2024-RPI/microros_ws/install/micro_ros_msgs/include/micro_ros_msgs/micro_ros_msgs/msg/detail/entity__rosidl_typesupport_fastrtps_c.h
[19.399s] -- Installing: /SAUVC2024-RPI/microros_ws/install/micro_ros_msgs/include/micro_ros_msgs/micro_ros_msgs/msg/detail/graph__rosidl_typesupport_fastrtps_c.h
[19.401s] -- Installing: /SAUVC2024-RPI/microros_ws/install/micro_ros_msgs/lib/libmicro_ros_msgs__rosidl_typesupport_fastrtps_c.so
[19.402s] -- Set runtime path of "/SAUVC2024-RPI/microros_ws/install/micro_ros_msgs/lib/libmicro_ros_msgs__rosidl_typesupport_fastrtps_c.so" to ""
[19.403s] -- Up-to-date: /SAUVC2024-RPI/microros_ws/install/micro_ros_msgs/include/micro_ros_msgs/micro_ros_msgs
[19.403s] -- Up-to-date: /SAUVC2024-RPI/microros_ws/install/micro_ros_msgs/include/micro_ros_msgs/micro_ros_msgs/msg
[19.403s] -- Installing: /SAUVC2024-RPI/microros_ws/install/micro_ros_msgs/include/micro_ros_msgs/micro_ros_msgs/msg/rosidl_typesupport_introspection_c__visibility_control.h
[19.404s] -- Up-to-date: /SAUVC2024-RPI/microros_ws/install/micro_ros_msgs/include/micro_ros_msgs/micro_ros_msgs/msg/detail
[19.404s] -- Installing: /SAUVC2024-RPI/microros_ws/install/micro_ros_msgs/include/micro_ros_msgs/micro_ros_msgs/msg/detail/graph__rosidl_typesupport_introspection_c.h
[19.404s] -- Installing: /SAUVC2024-RPI/microros_ws/install/micro_ros_msgs/include/micro_ros_msgs/micro_ros_msgs/msg/detail/node__type_support.c
[19.405s] -- Installing: /SAUVC2024-RPI/microros_ws/install/micro_ros_msgs/include/micro_ros_msgs/micro_ros_msgs/msg/detail/entity__type_support.c
[19.405s] -- Installing: /SAUVC2024-RPI/microros_ws/install/micro_ros_msgs/include/micro_ros_msgs/micro_ros_msgs/msg/detail/graph__type_support.c
[19.405s] -- Installing: /SAUVC2024-RPI/microros_ws/install/micro_ros_msgs/include/micro_ros_msgs/micro_ros_msgs/msg/detail/node__rosidl_typesupport_introspection_c.h
[19.405s] -- Installing: /SAUVC2024-RPI/microros_ws/install/micro_ros_msgs/include/micro_ros_msgs/micro_ros_msgs/msg/detail/entity__rosidl_typesupport_introspection_c.h
[19.406s] -- Installing: /SAUVC2024-RPI/microros_ws/install/micro_ros_msgs/lib/libmicro_ros_msgs__rosidl_typesupport_introspection_c.so
[19.408s] -- Set runtime path of "/SAUVC2024-RPI/microros_ws/install/micro_ros_msgs/lib/libmicro_ros_msgs__rosidl_typesupport_introspection_c.so" to ""
[19.408s] -- Installing: /SAUVC2024-RPI/microros_ws/install/micro_ros_msgs/lib/libmicro_ros_msgs__rosidl_typesupport_c.so
[19.409s] -- Set runtime path of "/SAUVC2024-RPI/microros_ws/install/micro_ros_msgs/lib/libmicro_ros_msgs__rosidl_typesupport_c.so" to ""
[19.410s] -- Up-to-date: /SAUVC2024-RPI/microros_ws/install/micro_ros_msgs/include/micro_ros_msgs/micro_ros_msgs
[19.410s] -- Up-to-date: /SAUVC2024-RPI/microros_ws/install/micro_ros_msgs/include/micro_ros_msgs/micro_ros_msgs/msg
[19.411s] -- Installing: /SAUVC2024-RPI/microros_ws/install/micro_ros_msgs/include/micro_ros_msgs/micro_ros_msgs/msg/node.hpp
[19.411s] -- Installing: /SAUVC2024-RPI/microros_ws/install/micro_ros_msgs/include/micro_ros_msgs/micro_ros_msgs/msg/entity.hpp
[19.412s] -- Up-to-date: /SAUVC2024-RPI/microros_ws/install/micro_ros_msgs/include/micro_ros_msgs/micro_ros_msgs/msg/detail
[19.412s] -- Installing: /SAUVC2024-RPI/microros_ws/install/micro_ros_msgs/include/micro_ros_msgs/micro_ros_msgs/msg/detail/entity__builder.hpp
[19.413s] -- Installing: /SAUVC2024-RPI/microros_ws/install/micro_ros_msgs/include/micro_ros_msgs/micro_ros_msgs/msg/detail/entity__struct.hpp
[19.413s] -- Installing: /SAUVC2024-RPI/microros_ws/install/micro_ros_msgs/include/micro_ros_msgs/micro_ros_msgs/msg/detail/node__struct.hpp
[19.414s] -- Installing: /SAUVC2024-RPI/microros_ws/install/micro_ros_msgs/include/micro_ros_msgs/micro_ros_msgs/msg/detail/node__traits.hpp
[19.415s] -- Installing: /SAUVC2024-RPI/microros_ws/install/micro_ros_msgs/include/micro_ros_msgs/micro_ros_msgs/msg/detail/graph__traits.hpp
[19.415s] -- Installing: /SAUVC2024-RPI/microros_ws/install/micro_ros_msgs/include/micro_ros_msgs/micro_ros_msgs/msg/detail/graph__struct.hpp
[19.416s] -- Installing: /SAUVC2024-RPI/microros_ws/install/micro_ros_msgs/include/micro_ros_msgs/micro_ros_msgs/msg/detail/graph__builder.hpp
[19.416s] -- Installing: /SAUVC2024-RPI/microros_ws/install/micro_ros_msgs/include/micro_ros_msgs/micro_ros_msgs/msg/detail/entity__traits.hpp
[19.417s] -- Installing: /SAUVC2024-RPI/microros_ws/install/micro_ros_msgs/include/micro_ros_msgs/micro_ros_msgs/msg/detail/node__builder.hpp
[19.417s] -- Installing: /SAUVC2024-RPI/microros_ws/install/micro_ros_msgs/include/micro_ros_msgs/micro_ros_msgs/msg/graph.hpp
[19.418s] -- Up-to-date: /SAUVC2024-RPI/microros_ws/install/micro_ros_msgs/include/micro_ros_msgs/micro_ros_msgs
[19.418s] -- Up-to-date: /SAUVC2024-RPI/microros_ws/install/micro_ros_msgs/include/micro_ros_msgs/micro_ros_msgs/msg
[19.419s] -- Installing: /SAUVC2024-RPI/microros_ws/install/micro_ros_msgs/include/micro_ros_msgs/micro_ros_msgs/msg/rosidl_typesupport_fastrtps_cpp__visibility_control.h
[19.419s] -- Up-to-date: /SAUVC2024-RPI/microros_ws/install/micro_ros_msgs/include/micro_ros_msgs/micro_ros_msgs/msg/detail
[19.420s] -- Installing: /SAUVC2024-RPI/microros_ws/install/micro_ros_msgs/include/micro_ros_msgs/micro_ros_msgs/msg/detail/graph__rosidl_typesupport_fastrtps_cpp.hpp
[19.420s] -- Installing: /SAUVC2024-RPI/microros_ws/install/micro_ros_msgs/include/micro_ros_msgs/micro_ros_msgs/msg/detail/dds_fastrtps
[19.421s] -- Installing: /SAUVC2024-RPI/microros_ws/install/micro_ros_msgs/include/micro_ros_msgs/micro_ros_msgs/msg/detail/node__rosidl_typesupport_fastrtps_cpp.hpp
[19.421s] -- Installing: /SAUVC2024-RPI/microros_ws/install/micro_ros_msgs/include/micro_ros_msgs/micro_ros_msgs/msg/detail/entity__rosidl_typesupport_fastrtps_cpp.hpp
[19.422s] -- Installing: /SAUVC2024-RPI/microros_ws/install/micro_ros_msgs/lib/libmicro_ros_msgs__rosidl_typesupport_fastrtps_cpp.so
[19.422s] -- Set runtime path of "/SAUVC2024-RPI/microros_ws/install/micro_ros_msgs/lib/libmicro_ros_msgs__rosidl_typesupport_fastrtps_cpp.so" to ""
[19.422s] -- Up-to-date: /SAUVC2024-RPI/microros_ws/install/micro_ros_msgs/include/micro_ros_msgs/micro_ros_msgs
[19.422s] -- Up-to-date: /SAUVC2024-RPI/microros_ws/install/micro_ros_msgs/include/micro_ros_msgs/micro_ros_msgs/msg
[19.423s] -- Up-to-date: /SAUVC2024-RPI/microros_ws/install/micro_ros_msgs/include/micro_ros_msgs/micro_ros_msgs/msg/detail
[19.423s] -- Installing: /SAUVC2024-RPI/microros_ws/install/micro_ros_msgs/include/micro_ros_msgs/micro_ros_msgs/msg/detail/graph__type_support.cpp
[19.423s] -- Installing: /SAUVC2024-RPI/microros_ws/install/micro_ros_msgs/include/micro_ros_msgs/micro_ros_msgs/msg/detail/entity__type_support.cpp
[19.423s] -- Installing: /SAUVC2024-RPI/microros_ws/install/micro_ros_msgs/include/micro_ros_msgs/micro_ros_msgs/msg/detail/graph__rosidl_typesupport_introspection_cpp.hpp
[19.424s] -- Installing: /SAUVC2024-RPI/microros_ws/install/micro_ros_msgs/include/micro_ros_msgs/micro_ros_msgs/msg/detail/node__rosidl_typesupport_introspection_cpp.hpp
[19.425s] -- Installing: /SAUVC2024-RPI/microros_ws/install/micro_ros_msgs/include/micro_ros_msgs/micro_ros_msgs/msg/detail/node__type_support.cpp
[19.425s] -- Installing: /SAUVC2024-RPI/microros_ws/install/micro_ros_msgs/include/micro_ros_msgs/micro_ros_msgs/msg/detail/entity__rosidl_typesupport_introspection_cpp.hpp
[19.425s] -- Installing: /SAUVC2024-RPI/microros_ws/install/micro_ros_msgs/lib/libmicro_ros_msgs__rosidl_typesupport_introspection_cpp.so
[19.425s] -- Set runtime path of "/SAUVC2024-RPI/microros_ws/install/micro_ros_msgs/lib/libmicro_ros_msgs__rosidl_typesupport_introspection_cpp.so" to ""
[19.426s] -- Installing: /SAUVC2024-RPI/microros_ws/install/micro_ros_msgs/lib/libmicro_ros_msgs__rosidl_typesupport_cpp.so
[19.426s] -- Set runtime path of "/SAUVC2024-RPI/microros_ws/install/micro_ros_msgs/lib/libmicro_ros_msgs__rosidl_typesupport_cpp.so" to ""
[19.427s] -- Installing: /SAUVC2024-RPI/microros_ws/install/micro_ros_msgs/share/micro_ros_msgs/environment/pythonpath.sh
[19.427s] -- Installing: /SAUVC2024-RPI/microros_ws/install/micro_ros_msgs/share/micro_ros_msgs/environment/pythonpath.dsv
[19.428s] -- Installing: /SAUVC2024-RPI/microros_ws/install/micro_ros_msgs/local/lib/python3.10/dist-packages/micro_ros_msgs-3.0.1-py3.10.egg-info
[19.428s] -- Installing: /SAUVC2024-RPI/microros_ws/install/micro_ros_msgs/local/lib/python3.10/dist-packages/micro_ros_msgs-3.0.1-py3.10.egg-info/dependency_links.txt
[19.428s] -- Installing: /SAUVC2024-RPI/microros_ws/install/micro_ros_msgs/local/lib/python3.10/dist-packages/micro_ros_msgs-3.0.1-py3.10.egg-info/PKG-INFO
[19.429s] -- Installing: /SAUVC2024-RPI/microros_ws/install/micro_ros_msgs/local/lib/python3.10/dist-packages/micro_ros_msgs-3.0.1-py3.10.egg-info/SOURCES.txt
[19.429s] -- Installing: /SAUVC2024-RPI/microros_ws/install/micro_ros_msgs/local/lib/python3.10/dist-packages/micro_ros_msgs-3.0.1-py3.10.egg-info/top_level.txt
[19.429s] -- Installing: /SAUVC2024-RPI/microros_ws/install/micro_ros_msgs/local/lib/python3.10/dist-packages/micro_ros_msgs
[19.430s] -- Installing: /SAUVC2024-RPI/microros_ws/install/micro_ros_msgs/local/lib/python3.10/dist-packages/micro_ros_msgs/micro_ros_msgs_s__rosidl_typesupport_fastrtps_c.cpython-310-x86_64-linux-gnu.so
[19.431s] -- Installing: /SAUVC2024-RPI/microros_ws/install/micro_ros_msgs/local/lib/python3.10/dist-packages/micro_ros_msgs/libmicro_ros_msgs__rosidl_generator_py.so
[19.431s] -- Installing: /SAUVC2024-RPI/microros_ws/install/micro_ros_msgs/local/lib/python3.10/dist-packages/micro_ros_msgs/__init__.py
[19.432s] -- Installing: /SAUVC2024-RPI/microros_ws/install/micro_ros_msgs/local/lib/python3.10/dist-packages/micro_ros_msgs/_micro_ros_msgs_s.ep.rosidl_typesupport_c.c
[19.433s] -- Installing: /SAUVC2024-RPI/microros_ws/install/micro_ros_msgs/local/lib/python3.10/dist-packages/micro_ros_msgs/_micro_ros_msgs_s.ep.rosidl_typesupport_fastrtps_c.c
[19.434s] -- Installing: /SAUVC2024-RPI/microros_ws/install/micro_ros_msgs/local/lib/python3.10/dist-packages/micro_ros_msgs/_micro_ros_msgs_s.ep.rosidl_typesupport_introspection_c.c
[19.435s] -- Installing: /SAUVC2024-RPI/microros_ws/install/micro_ros_msgs/local/lib/python3.10/dist-packages/micro_ros_msgs/micro_ros_msgs_s__rosidl_typesupport_introspection_c.cpython-310-x86_64-linux-gnu.so
[19.436s] -- Installing: /SAUVC2024-RPI/microros_ws/install/micro_ros_msgs/local/lib/python3.10/dist-packages/micro_ros_msgs/micro_ros_msgs_s__rosidl_typesupport_c.cpython-310-x86_64-linux-gnu.so
[19.437s] -- Installing: /SAUVC2024-RPI/microros_ws/install/micro_ros_msgs/local/lib/python3.10/dist-packages/micro_ros_msgs/msg
[19.437s] -- Installing: /SAUVC2024-RPI/microros_ws/install/micro_ros_msgs/local/lib/python3.10/dist-packages/micro_ros_msgs/msg/__init__.py
[19.438s] -- Installing: /SAUVC2024-RPI/microros_ws/install/micro_ros_msgs/local/lib/python3.10/dist-packages/micro_ros_msgs/msg/_graph.py
[19.438s] -- Installing: /SAUVC2024-RPI/microros_ws/install/micro_ros_msgs/local/lib/python3.10/dist-packages/micro_ros_msgs/msg/_graph_s.c
[19.439s] -- Installing: /SAUVC2024-RPI/microros_ws/install/micro_ros_msgs/local/lib/python3.10/dist-packages/micro_ros_msgs/msg/_entity_s.c
[19.439s] -- Installing: /SAUVC2024-RPI/microros_ws/install/micro_ros_msgs/local/lib/python3.10/dist-packages/micro_ros_msgs/msg/_entity.py
[19.440s] -- Installing: /SAUVC2024-RPI/microros_ws/install/micro_ros_msgs/local/lib/python3.10/dist-packages/micro_ros_msgs/msg/_node_s.c
[19.440s] -- Installing: /SAUVC2024-RPI/microros_ws/install/micro_ros_msgs/local/lib/python3.10/dist-packages/micro_ros_msgs/msg/_node.py
[19.497s] Listing '/SAUVC2024-RPI/microros_ws/install/micro_ros_msgs/local/lib/python3.10/dist-packages/micro_ros_msgs'...
[19.497s] Compiling '/SAUVC2024-RPI/microros_ws/install/micro_ros_msgs/local/lib/python3.10/dist-packages/micro_ros_msgs/__init__.py'...
[19.497s] Listing '/SAUVC2024-RPI/microros_ws/install/micro_ros_msgs/local/lib/python3.10/dist-packages/micro_ros_msgs/msg'...
[19.497s] Compiling '/SAUVC2024-RPI/microros_ws/install/micro_ros_msgs/local/lib/python3.10/dist-packages/micro_ros_msgs/msg/__init__.py'...
[19.498s] Compiling '/SAUVC2024-RPI/microros_ws/install/micro_ros_msgs/local/lib/python3.10/dist-packages/micro_ros_msgs/msg/_entity.py'...
[19.498s] Compiling '/SAUVC2024-RPI/microros_ws/install/micro_ros_msgs/local/lib/python3.10/dist-packages/micro_ros_msgs/msg/_graph.py'...
[19.499s] Compiling '/SAUVC2024-RPI/microros_ws/install/micro_ros_msgs/local/lib/python3.10/dist-packages/micro_ros_msgs/msg/_node.py'...
[19.506s] -- Installing: /SAUVC2024-RPI/microros_ws/install/micro_ros_msgs/local/lib/python3.10/dist-packages/micro_ros_msgs/micro_ros_msgs_s__rosidl_typesupport_fastrtps_c.cpython-310-x86_64-linux-gnu.so
[19.506s] -- Set runtime path of "/SAUVC2024-RPI/microros_ws/install/micro_ros_msgs/local/lib/python3.10/dist-packages/micro_ros_msgs/micro_ros_msgs_s__rosidl_typesupport_fastrtps_c.cpython-310-x86_64-linux-gnu.so" to ""
[19.507s] -- Installing: /SAUVC2024-RPI/microros_ws/install/micro_ros_msgs/local/lib/python3.10/dist-packages/micro_ros_msgs/micro_ros_msgs_s__rosidl_typesupport_introspection_c.cpython-310-x86_64-linux-gnu.so
[19.508s] -- Set runtime path of "/SAUVC2024-RPI/microros_ws/install/micro_ros_msgs/local/lib/python3.10/dist-packages/micro_ros_msgs/micro_ros_msgs_s__rosidl_typesupport_introspection_c.cpython-310-x86_64-linux-gnu.so" to ""
[19.508s] -- Installing: /SAUVC2024-RPI/microros_ws/install/micro_ros_msgs/local/lib/python3.10/dist-packages/micro_ros_msgs/micro_ros_msgs_s__rosidl_typesupport_c.cpython-310-x86_64-linux-gnu.so
[19.509s] -- Set runtime path of "/SAUVC2024-RPI/microros_ws/install/micro_ros_msgs/local/lib/python3.10/dist-packages/micro_ros_msgs/micro_ros_msgs_s__rosidl_typesupport_c.cpython-310-x86_64-linux-gnu.so" to ""
[19.509s] -- Installing: /SAUVC2024-RPI/microros_ws/install/micro_ros_msgs/lib/libmicro_ros_msgs__rosidl_generator_py.so
[19.511s] -- Set runtime path of "/SAUVC2024-RPI/microros_ws/install/micro_ros_msgs/lib/libmicro_ros_msgs__rosidl_generator_py.so" to ""
[19.511s] -- Installing: /SAUVC2024-RPI/microros_ws/install/micro_ros_msgs/share/micro_ros_msgs/msg/Graph.idl
[19.512s] -- Installing: /SAUVC2024-RPI/microros_ws/install/micro_ros_msgs/share/micro_ros_msgs/msg/Node.idl
[19.512s] -- Installing: /SAUVC2024-RPI/microros_ws/install/micro_ros_msgs/share/micro_ros_msgs/msg/Entity.idl
[19.512s] -- Installing: /SAUVC2024-RPI/microros_ws/install/micro_ros_msgs/share/micro_ros_msgs/msg/Graph.msg
[19.513s] -- Installing: /SAUVC2024-RPI/microros_ws/install/micro_ros_msgs/share/micro_ros_msgs/msg/Node.msg
[19.513s] -- Installing: /SAUVC2024-RPI/microros_ws/install/micro_ros_msgs/share/micro_ros_msgs/msg/Entity.msg
[19.515s] -- Installing: /SAUVC2024-RPI/microros_ws/install/micro_ros_msgs/share/ament_index/resource_index/package_run_dependencies/micro_ros_msgs
[19.516s] -- Installing: /SAUVC2024-RPI/microros_ws/install/micro_ros_msgs/share/ament_index/resource_index/parent_prefix_path/micro_ros_msgs
[19.517s] -- Installing: /SAUVC2024-RPI/microros_ws/install/micro_ros_msgs/share/micro_ros_msgs/environment/ament_prefix_path.sh
[19.518s] -- Installing: /SAUVC2024-RPI/microros_ws/install/micro_ros_msgs/share/micro_ros_msgs/environment/ament_prefix_path.dsv
[19.518s] -- Installing: /SAUVC2024-RPI/microros_ws/install/micro_ros_msgs/share/micro_ros_msgs/environment/path.sh
[19.518s] -- Installing: /SAUVC2024-RPI/microros_ws/install/micro_ros_msgs/share/micro_ros_msgs/environment/path.dsv
[19.520s] -- Installing: /SAUVC2024-RPI/microros_ws/install/micro_ros_msgs/share/micro_ros_msgs/local_setup.bash
[19.520s] -- Installing: /SAUVC2024-RPI/microros_ws/install/micro_ros_msgs/share/micro_ros_msgs/local_setup.sh
[19.521s] -- Installing: /SAUVC2024-RPI/microros_ws/install/micro_ros_msgs/share/micro_ros_msgs/local_setup.zsh
[19.522s] -- Installing: /SAUVC2024-RPI/microros_ws/install/micro_ros_msgs/share/micro_ros_msgs/local_setup.dsv
[19.524s] -- Installing: /SAUVC2024-RPI/microros_ws/install/micro_ros_msgs/share/micro_ros_msgs/package.dsv
[19.524s] -- Installing: /SAUVC2024-RPI/microros_ws/install/micro_ros_msgs/share/ament_index/resource_index/packages/micro_ros_msgs
[19.525s] -- Installing: /SAUVC2024-RPI/microros_ws/install/micro_ros_msgs/share/micro_ros_msgs/cmake/export_micro_ros_msgs__rosidl_generator_cExport.cmake
[19.526s] -- Installing: /SAUVC2024-RPI/microros_ws/install/micro_ros_msgs/share/micro_ros_msgs/cmake/export_micro_ros_msgs__rosidl_generator_cExport-noconfig.cmake
[19.526s] -- Installing: /SAUVC2024-RPI/microros_ws/install/micro_ros_msgs/share/micro_ros_msgs/cmake/export_micro_ros_msgs__rosidl_typesupport_fastrtps_cExport.cmake
[19.527s] -- Installing: /SAUVC2024-RPI/microros_ws/install/micro_ros_msgs/share/micro_ros_msgs/cmake/export_micro_ros_msgs__rosidl_typesupport_fastrtps_cExport-noconfig.cmake
[19.527s] -- Installing: /SAUVC2024-RPI/microros_ws/install/micro_ros_msgs/share/micro_ros_msgs/cmake/micro_ros_msgs__rosidl_typesupport_introspection_cExport.cmake
[19.528s] -- Installing: /SAUVC2024-RPI/microros_ws/install/micro_ros_msgs/share/micro_ros_msgs/cmake/micro_ros_msgs__rosidl_typesupport_introspection_cExport-noconfig.cmake
[19.529s] -- Installing: /SAUVC2024-RPI/microros_ws/install/micro_ros_msgs/share/micro_ros_msgs/cmake/micro_ros_msgs__rosidl_typesupport_cExport.cmake
[19.529s] -- Installing: /SAUVC2024-RPI/microros_ws/install/micro_ros_msgs/share/micro_ros_msgs/cmake/micro_ros_msgs__rosidl_typesupport_cExport-noconfig.cmake
[19.530s] -- Installing: /SAUVC2024-RPI/microros_ws/install/micro_ros_msgs/share/micro_ros_msgs/cmake/export_micro_ros_msgs__rosidl_generator_cppExport.cmake
[19.531s] -- Installing: /SAUVC2024-RPI/microros_ws/install/micro_ros_msgs/share/micro_ros_msgs/cmake/export_micro_ros_msgs__rosidl_typesupport_fastrtps_cppExport.cmake
[19.532s] -- Installing: /SAUVC2024-RPI/microros_ws/install/micro_ros_msgs/share/micro_ros_msgs/cmake/export_micro_ros_msgs__rosidl_typesupport_fastrtps_cppExport-noconfig.cmake
[19.532s] -- Installing: /SAUVC2024-RPI/microros_ws/install/micro_ros_msgs/share/micro_ros_msgs/cmake/micro_ros_msgs__rosidl_typesupport_introspection_cppExport.cmake
[19.534s] -- Installing: /SAUVC2024-RPI/microros_ws/install/micro_ros_msgs/share/micro_ros_msgs/cmake/micro_ros_msgs__rosidl_typesupport_introspection_cppExport-noconfig.cmake
[19.535s] -- Installing: /SAUVC2024-RPI/microros_ws/install/micro_ros_msgs/share/micro_ros_msgs/cmake/micro_ros_msgs__rosidl_typesupport_cppExport.cmake
[19.537s] -- Installing: /SAUVC2024-RPI/microros_ws/install/micro_ros_msgs/share/micro_ros_msgs/cmake/micro_ros_msgs__rosidl_typesupport_cppExport-noconfig.cmake
[19.537s] -- Installing: /SAUVC2024-RPI/microros_ws/install/micro_ros_msgs/share/micro_ros_msgs/cmake/export_micro_ros_msgs__rosidl_generator_pyExport.cmake
[19.538s] -- Installing: /SAUVC2024-RPI/microros_ws/install/micro_ros_msgs/share/micro_ros_msgs/cmake/export_micro_ros_msgs__rosidl_generator_pyExport-noconfig.cmake
[19.539s] -- Installing: /SAUVC2024-RPI/microros_ws/install/micro_ros_msgs/share/micro_ros_msgs/cmake/rosidl_cmake-extras.cmake
[19.539s] -- Installing: /SAUVC2024-RPI/microros_ws/install/micro_ros_msgs/share/micro_ros_msgs/cmake/ament_cmake_export_include_directories-extras.cmake
[19.540s] -- Installing: /SAUVC2024-RPI/microros_ws/install/micro_ros_msgs/share/micro_ros_msgs/cmake/ament_cmake_export_libraries-extras.cmake
[19.541s] -- Installing: /SAUVC2024-RPI/microros_ws/install/micro_ros_msgs/share/micro_ros_msgs/cmake/ament_cmake_export_targets-extras.cmake
[19.541s] -- Installing: /SAUVC2024-RPI/microros_ws/install/micro_ros_msgs/share/micro_ros_msgs/cmake/rosidl_cmake_export_typesupport_targets-extras.cmake
[19.542s] -- Installing: /SAUVC2024-RPI/microros_ws/install/micro_ros_msgs/share/micro_ros_msgs/cmake/ament_cmake_export_dependencies-extras.cmake
[19.542s] -- Installing: /SAUVC2024-RPI/microros_ws/install/micro_ros_msgs/share/micro_ros_msgs/cmake/rosidl_cmake_export_typesupport_libraries-extras.cmake
[19.542s] -- Installing: /SAUVC2024-RPI/microros_ws/install/micro_ros_msgs/share/micro_ros_msgs/cmake/micro_ros_msgsConfig.cmake
[19.542s] -- Installing: /SAUVC2024-RPI/microros_ws/install/micro_ros_msgs/share/micro_ros_msgs/cmake/micro_ros_msgsConfig-version.cmake
[19.543s] -- Installing: /SAUVC2024-RPI/microros_ws/install/micro_ros_msgs/share/micro_ros_msgs/package.xml
[19.549s] Invoked command in '/SAUVC2024-RPI/microros_ws/build/micro_ros_msgs' returned '0': CMAKE_PREFIX_PATH=${CMAKE_PREFIX_PATH}:/opt/ros/humble /usr/bin/cmake --install /SAUVC2024-RPI/microros_ws/build/micro_ros_msgs
